Using pre-set license
Built from '2020.3/staging' branch; Version is '2020.3.23f1 (c5d91304a876) revision 12966163'; Using compiler version '192528614'; Build Type 'Release'
OS: 'Windows 10 Pro; OS build 19042.1415; Version 2009; 64bit' Language: 'ru' Physical Memory: 16246 MB
BatchMode: 1, IsHumanControllingUs: 0, StartBugReporterOnCrash: 0, Is64bit: 1, IsPro: 0

COMMAND LINE ARGUMENTS:
C:\Program Files\Unity\Hub\Editor\2020.3.23f1\Editor\Unity.exe
-adb2
-batchMode
-noUpm
-name
AssetImportWorker0
-projectPath
C:/Users/777/Desktop/AccessusUnity/Accessus/AccessusUnity
-logFile
Logs/AssetImportWorker0.log
-srvPort
56314
Successfully changed project path to: C:/Users/777/Desktop/AccessusUnity/Accessus/AccessusUnity
C:/Users/777/Desktop/AccessusUnity/Accessus/AccessusUnity
Using Asset Import Pipeline V2.
Refreshing native plugins compatible for Editor in 86.73 ms, found 5 plugins.
Preloading 0 native plugins for Editor in 0.00 ms.
Initialize engine version: 2020.3.23f1 (c5d91304a876)
[Subsystems] Discovering subsystems at path C:/Program Files/Unity/Hub/Editor/2020.3.23f1/Editor/Data/Resources/UnitySubsystems
[Subsystems] Discovering subsystems at path C:/Users/777/Desktop/AccessusUnity/Accessus/AccessusUnity/Assets
GfxDevice: creating device client; threaded=0
Direct3D:
    Version:  Direct3D 11.0 [level 11.1]
    Renderer: NVIDIA GeForce GTX 1080 Ti (ID=0x1b06)
    Vendor:   
    VRAM:     11127 MB
    Driver:   27.21.14.5751
Shader 'Universal Render Pipeline/Particles/Lit': fallback shader 'Universal Render Pipeline/Particles/SimpleLit' not found
Initialize mono
Mono path[0] = 'C:/Program Files/Unity/Hub/Editor/2020.3.23f1/Editor/Data/Managed'
Mono path[1] = 'C:/Program Files/Unity/Hub/Editor/2020.3.23f1/Editor/Data/MonoBleedingEdge/lib/mono/unityjit'
Mono config path = 'C:/Program Files/Unity/Hub/Editor/2020.3.23f1/Editor/Data/MonoBleedingEdge/etc'
Using monoOptions --debugger-agent=transport=dt_socket,embedding=1,server=y,suspend=n,address=127.0.0.1:56436
Begin MonoManager ReloadAssembly
Registering precompiled unity dll's ...
Register platform support module: C:/Program Files/Unity/Hub/Editor/2020.3.23f1/Editor/Data/PlaybackEngines/WindowsStandaloneSupport/UnityEditor.WindowsStandalone.Extensions.dll
Registered in 0.002386 seconds.
Native extension for WindowsStandalone target not found
Refreshing native plugins compatible for Editor in 67.71 ms, found 5 plugins.
Preloading 0 native plugins for Editor in 0.00 ms.
Mono: successfully reloaded assembly
- Completed reload, in  0.735 seconds
Domain Reload Profiling:
	ReloadAssembly (735ms)
		BeginReloadAssembly (85ms)
			ExecutionOrderSort (0ms)
			DisableScriptedObjects (0ms)
			BackupInstance (0ms)
			ReleaseScriptingObjects (0ms)
			CreateAndSetChildDomain (1ms)
		EndReloadAssembly (568ms)
			LoadAssemblies (84ms)
			RebuildTransferFunctionScriptingTraits (0ms)
			SetupTypeCache (192ms)
			ReleaseScriptCaches (0ms)
			RebuildScriptCaches (33ms)
			SetupLoadedEditorAssemblies (216ms)
				LogAssemblyErrors (0ms)
				InitializePlatformSupportModulesInManaged (5ms)
				SetLoadedEditorAssemblies (0ms)
				RefreshPlugins (68ms)
				BeforeProcessingInitializeOnLoad (16ms)
				ProcessInitializeOnLoadAttributes (95ms)
				ProcessInitializeOnLoadMethodAttributes (31ms)
				AfterProcessingInitializeOnLoad (0ms)
				EditorAssembliesLoaded (0ms)
			ExecutionOrderSort2 (0ms)
			AwakeInstancesAfterBackupRestoration (0ms)
Platform modules already initialized, skipping
Registering precompiled user dll's ...
Registered in 0.010457 seconds.
Begin MonoManager ReloadAssembly
Native extension for WindowsStandalone target not found
Refreshing native plugins compatible for Editor in 83.69 ms, found 5 plugins.
Preloading 0 native plugins for Editor in 0.00 ms.
Mono: successfully reloaded assembly
- Completed reload, in  1.578 seconds
Domain Reload Profiling:
	ReloadAssembly (1579ms)
		BeginReloadAssembly (200ms)
			ExecutionOrderSort (0ms)
			DisableScriptedObjects (5ms)
			BackupInstance (0ms)
			ReleaseScriptingObjects (0ms)
			CreateAndSetChildDomain (19ms)
		EndReloadAssembly (1300ms)
			LoadAssemblies (162ms)
			RebuildTransferFunctionScriptingTraits (0ms)
			SetupTypeCache (420ms)
			ReleaseScriptCaches (1ms)
			RebuildScriptCaches (86ms)
			SetupLoadedEditorAssemblies (521ms)
				LogAssemblyErrors (0ms)
				InitializePlatformSupportModulesInManaged (5ms)
				SetLoadedEditorAssemblies (0ms)
				RefreshPlugins (84ms)
				BeforeProcessingInitializeOnLoad (135ms)
				ProcessInitializeOnLoadAttributes (274ms)
				ProcessInitializeOnLoadMethodAttributes (13ms)
				AfterProcessingInitializeOnLoad (10ms)
				EditorAssembliesLoaded (0ms)
			ExecutionOrderSort2 (0ms)
			AwakeInstancesAfterBackupRestoration (7ms)
Platform modules already initialized, skipping
========================================================================
Worker process is ready to serve import requests
Shader 'Universal Render Pipeline/Particles/Lit': fallback shader 'Universal Render Pipeline/Particles/SimpleLit' not found
Launched and connected shader compiler UnityShaderCompiler.exe after 0.33 seconds
Refreshing native plugins compatible for Editor in 1.42 ms, found 5 plugins.
Preloading 0 native plugins for Editor in 0.00 ms.
Unloading 3563 Unused Serialized files (Serialized files now loaded: 0)
System memory in use before: 150.0 MB.
System memory in use after: 150.1 MB.

Unloading 28 unused Assets to reduce memory usage. Loaded Objects now: 3992.
Total: 3.352500 ms (FindLiveObjects: 0.324200 ms CreateObjectMapping: 0.162500 ms MarkObjects: 2.796200 ms  DeleteObjects: 0.068600 ms)

AssetImportParameters requested are different than current active one (requested -> active):
  custom:framework-win-MediaFoundation: 216162199b28c13a410421893ffa2e32 -> 
  custom:video-decoder-ogg-theora: a1e56fd34408186e4bbccfd4996cb3dc -> 
  custom:container-muxer-webm: aa71ff27fc2769a1b78a27578f13a17b -> 
  custom:container-demuxer-webm: 4f35f7cbe854078d1ac9338744f61a02 -> 
  custom:container-demuxer-ogg: 62fdf1f143b41e24485cea50d1cbac27 -> 
  custom:video-encoder-webm-vp8: eb34c28f22e8b96e1ab97ce403110664 -> 
  custom:video-decoder-webm-vp8: 9c59270c3fd7afecdb556c50c9e8de78 -> 
  custom:audio-decoder-ogg-vorbis: bf7c407c2cedff20999df2af8eb42d56 -> 
  custom:audio-encoder-webm-vorbis: bf7c407c2cedff20999df2af8eb42d56 -> 
========================================================================
Received Import Request.
  path: Assets/HungNguyen-Stylize-Fire VFX/flame shader/cartoon flame shader.shadergraph
  artifactKey: Guid(3a347c35134e854488f7882bc3536371) Importer(815301076,1909f56bfc062723c751e8b465ee728b)
Start importing Assets/HungNguyen-Stylize-Fire VFX/flame shader/cartoon flame shader.shadergraph using Guid(3a347c35134e854488f7882bc3536371) Importer(815301076,1909f56bfc062723c751e8b465ee728b)  -> (artifact id: 'f40ddd2d57c5498a44cf26b57ce6555c') in 0.110926 seconds 
  Import took 0.117729 seconds .

========================================================================
Received Import Request.
  Time since last request: 153.416111 seconds.
  path: Assets/Abylai/CLASSROOM.blend
  artifactKey: Guid(28b37f2df092ca34287e94e2db3024c9) Importer(815301076,1909f56bfc062723c751e8b465ee728b)
Start importing Assets/Abylai/CLASSROOM.blend using Guid(28b37f2df092ca34287e94e2db3024c9) Importer(815301076,1909f56bfc062723c751e8b465ee728b)  -> (artifact id: '1e20d29b32454498ec366312201276e5') in 0.635438 seconds 
  Import took 0.643662 seconds .

========================================================================
Received Import Request.
  Time since last request: 0.000275 seconds.
  path: Assets/Samples/Google Cardboard XR Plugin for Unity/1.10.0/Hello Cardboard/Models/Materials/TriSpherePink.mat
  artifactKey: Guid(98e1ed660e0a3453494d31d659d7388c) Importer(815301076,1909f56bfc062723c751e8b465ee728b)
Start importing Assets/Samples/Google Cardboard XR Plugin for Unity/1.10.0/Hello Cardboard/Models/Materials/TriSpherePink.mat using Guid(98e1ed660e0a3453494d31d659d7388c) Importer(815301076,1909f56bfc062723c751e8b465ee728b)  -> (artifact id: '727bebd3a34d7a7583c5ac11e4b5aba2') in 0.200062 seconds 
  Import took 0.207336 seconds .

========================================================================
Received Import Request.
  Time since last request: 2.116191 seconds.
  path: Assets/Samples/Google Cardboard XR Plugin for Unity/1.10.0/Hello Cardboard/Models/Materials/QuadSpherePink.mat
  artifactKey: Guid(4cc7d26a25d984c5b876a1faafcf6235) Importer(815301076,1909f56bfc062723c751e8b465ee728b)
Start importing Assets/Samples/Google Cardboard XR Plugin for Unity/1.10.0/Hello Cardboard/Models/Materials/QuadSpherePink.mat using Guid(4cc7d26a25d984c5b876a1faafcf6235) Importer(815301076,1909f56bfc062723c751e8b465ee728b)  -> (artifact id: '80254fc294d6c5a3b4d74bdc08ce8df7') in 0.022842 seconds 
  Import took 0.029060 seconds .

========================================================================
Received Import Request.
  Time since last request: 0.334418 seconds.
  path: Assets/KajamansRoads/Materials/Road_6lane_dark02.mat
  artifactKey: Guid(fea649bdaae3f294ea98f6d0bb0fa5ca) Importer(815301076,1909f56bfc062723c751e8b465ee728b)
Start importing Assets/KajamansRoads/Materials/Road_6lane_dark02.mat using Guid(fea649bdaae3f294ea98f6d0bb0fa5ca) Importer(815301076,1909f56bfc062723c751e8b465ee728b)  -> (artifact id: 'cd086543066b14ef56bc04bfe9b094de') in 0.029385 seconds 
  Import took 0.038058 seconds .

========================================================================
Received Import Request.
  Time since last request: 38.635311 seconds.
  path: Assets/Materials/325-3255410_smoke-sprite-sheet-transparent-hd-png-download.png
  artifactKey: Guid(da532f1859117374aa2f9b0559717754) Importer(815301076,1909f56bfc062723c751e8b465ee728b)
Start importing Assets/Materials/325-3255410_smoke-sprite-sheet-transparent-hd-png-download.png using Guid(da532f1859117374aa2f9b0559717754) Importer(815301076,1909f56bfc062723c751e8b465ee728b)  -> (artifact id: 'd5109077cc77146309865ea4f9816eb9') in 0.105888 seconds 
  Import took 0.113383 seconds .

========================================================================
Received Import Request.
  Time since last request: 7.115919 seconds.
  path: Assets/Materials/Smoke.png
  artifactKey: Guid(da532f1859117374aa2f9b0559717754) Importer(815301076,1909f56bfc062723c751e8b465ee728b)
Start importing Assets/Materials/Smoke.png using Guid(da532f1859117374aa2f9b0559717754) Importer(815301076,1909f56bfc062723c751e8b465ee728b)  -> (artifact id: '76672efbd8b0eb2db3f5e45545cc5004') in 0.024320 seconds 
  Import took 0.034027 seconds .

========================================================================
Received Import Request.
  Time since last request: 143.121246 seconds.
  path: Assets/Materials/New Material 1.mat
  artifactKey: Guid(a4af15e7aadfbf34cacf0100143c2a82) Importer(815301076,1909f56bfc062723c751e8b465ee728b)
Start importing Assets/Materials/New Material 1.mat using Guid(a4af15e7aadfbf34cacf0100143c2a82) Importer(815301076,1909f56bfc062723c751e8b465ee728b)  -> (artifact id: '70221b530afac5080ea4dca9d30802e6') in 0.023035 seconds 
  Import took 0.029894 seconds .

========================================================================
Received Import Request.
  Time since last request: 17.013245 seconds.
  path: Assets/Materials/Smok.mat
  artifactKey: Guid(a4af15e7aadfbf34cacf0100143c2a82) Importer(815301076,1909f56bfc062723c751e8b465ee728b)
Start importing Assets/Materials/Smok.mat using Guid(a4af15e7aadfbf34cacf0100143c2a82) Importer(815301076,1909f56bfc062723c751e8b465ee728b)  -> (artifact id: 'e66c114383ba066aa1cb9c99a16aa2ab') in 0.020904 seconds 
  Import took 0.030758 seconds .

========================================================================
Received Import Request.
  Time since last request: 79.661614 seconds.
  path: Assets/Materials/New Material 1.mat
  artifactKey: Guid(e14360e69eb2f3d43aefac83d1028675) Importer(815301076,1909f56bfc062723c751e8b465ee728b)
Start importing Assets/Materials/New Material 1.mat using Guid(e14360e69eb2f3d43aefac83d1028675) Importer(815301076,1909f56bfc062723c751e8b465ee728b)  -> (artifact id: '75dbdfbbacd8534cd0002655823e9362') in 0.020051 seconds 
  Import took 0.026779 seconds .

========================================================================
Received Import Request.
  Time since last request: 103.341895 seconds.
  path: Assets/Materials/Smoke.mat
  artifactKey: Guid(763d7c3ae9308d145a7f7bb86888ce25) Importer(815301076,1909f56bfc062723c751e8b465ee728b)
Start importing Assets/Materials/Smoke.mat using Guid(763d7c3ae9308d145a7f7bb86888ce25) Importer(815301076,1909f56bfc062723c751e8b465ee728b)  -> (artifact id: '9fed3cf64fd85d7ed2c0876be2e9c069') in 0.016809 seconds 
  Import took 0.025952 seconds .

AssetImportWorkerClient::OnTransportError - code=2 error=End of file
