Using pre-set license
Built from '2020.3/staging' branch; Version is '2020.3.23f1 (c5d91304a876) revision 12966163'; Using compiler version '192528614'; Build Type 'Release'
OS: 'Windows 10 Pro; OS build 19042.1348; Version 2009; 64bit' Language: 'ru' Physical Memory: 16246 MB
BatchMode: 1, IsHumanControllingUs: 0, StartBugReporterOnCrash: 0, Is64bit: 1, IsPro: 0

COMMAND LINE ARGUMENTS:
C:\Program Files\Unity\Hub\Editor\2020.3.23f1\Editor\Unity.exe
-adb2
-batchMode
-noUpm
-name
AssetImportWorker1
-projectPath
C:/Users/777/Desktop/SolveForTomorrowUnity/AccessussVirtualApp/ProjectileMotion
-logFile
Logs/AssetImportWorker1.log
-srvPort
62952
Successfully changed project path to: C:/Users/777/Desktop/SolveForTomorrowUnity/AccessussVirtualApp/ProjectileMotion
C:/Users/777/Desktop/SolveForTomorrowUnity/AccessussVirtualApp/ProjectileMotion
Using Asset Import Pipeline V2.
Refreshing native plugins compatible for Editor in 60.67 ms, found 2 plugins.
Preloading 0 native plugins for Editor in 0.00 ms.
Initialize engine version: 2020.3.23f1 (c5d91304a876)
[Subsystems] Discovering subsystems at path C:/Program Files/Unity/Hub/Editor/2020.3.23f1/Editor/Data/Resources/UnitySubsystems
[Subsystems] Discovering subsystems at path C:/Users/777/Desktop/SolveForTomorrowUnity/AccessussVirtualApp/ProjectileMotion/Assets
GfxDevice: creating device client; threaded=0
Direct3D:
    Version:  Direct3D 11.0 [level 11.1]
    Renderer: NVIDIA GeForce GTX 1080 Ti (ID=0x1b06)
    Vendor:   
    VRAM:     11127 MB
    Driver:   27.21.14.5751
Initialize mono
Mono path[0] = 'C:/Program Files/Unity/Hub/Editor/2020.3.23f1/Editor/Data/Managed'
Mono path[1] = 'C:/Program Files/Unity/Hub/Editor/2020.3.23f1/Editor/Data/MonoBleedingEdge/lib/mono/unityjit'
Mono config path = 'C:/Program Files/Unity/Hub/Editor/2020.3.23f1/Editor/Data/MonoBleedingEdge/etc'
Using monoOptions --debugger-agent=transport=dt_socket,embedding=1,server=y,suspend=n,address=127.0.0.1:56404
Begin MonoManager ReloadAssembly
Registering precompiled unity dll's ...
Register platform support module: C:/Program Files/Unity/Hub/Editor/2020.3.23f1/Editor/Data/PlaybackEngines/WindowsStandaloneSupport/UnityEditor.WindowsStandalone.Extensions.dll
Registered in 0.002330 seconds.
Native extension for WindowsStandalone target not found
Refreshing native plugins compatible for Editor in 30.68 ms, found 2 plugins.
Preloading 0 native plugins for Editor in 0.00 ms.
Mono: successfully reloaded assembly
- Completed reload, in  0.677 seconds
Domain Reload Profiling:
	ReloadAssembly (677ms)
		BeginReloadAssembly (77ms)
			ExecutionOrderSort (0ms)
			DisableScriptedObjects (0ms)
			BackupInstance (0ms)
			ReleaseScriptingObjects (0ms)
			CreateAndSetChildDomain (1ms)
		EndReloadAssembly (529ms)
			LoadAssemblies (75ms)
			RebuildTransferFunctionScriptingTraits (0ms)
			SetupTypeCache (145ms)
			ReleaseScriptCaches (0ms)
			RebuildScriptCaches (66ms)
			SetupLoadedEditorAssemblies (147ms)
				LogAssemblyErrors (0ms)
				InitializePlatformSupportModulesInManaged (4ms)
				SetLoadedEditorAssemblies (0ms)
				RefreshPlugins (31ms)
				BeforeProcessingInitializeOnLoad (12ms)
				ProcessInitializeOnLoadAttributes (74ms)
				ProcessInitializeOnLoadMethodAttributes (26ms)
				AfterProcessingInitializeOnLoad (0ms)
				EditorAssembliesLoaded (0ms)
			ExecutionOrderSort2 (0ms)
			AwakeInstancesAfterBackupRestoration (0ms)
Platform modules already initialized, skipping
Registering precompiled user dll's ...
Registered in 0.006333 seconds.
Begin MonoManager ReloadAssembly
Native extension for WindowsStandalone target not found
Refreshing native plugins compatible for Editor in 0.35 ms, found 2 plugins.
Preloading 0 native plugins for Editor in 0.00 ms.
Mono: successfully reloaded assembly
- Completed reload, in  1.165 seconds
Domain Reload Profiling:
	ReloadAssembly (1166ms)
		BeginReloadAssembly (160ms)
			ExecutionOrderSort (0ms)
			DisableScriptedObjects (4ms)
			BackupInstance (0ms)
			ReleaseScriptingObjects (0ms)
			CreateAndSetChildDomain (18ms)
		EndReloadAssembly (947ms)
			LoadAssemblies (127ms)
			RebuildTransferFunctionScriptingTraits (0ms)
			SetupTypeCache (359ms)
			ReleaseScriptCaches (0ms)
			RebuildScriptCaches (40ms)
			SetupLoadedEditorAssemblies (332ms)
				LogAssemblyErrors (0ms)
				InitializePlatformSupportModulesInManaged (5ms)
				SetLoadedEditorAssemblies (0ms)
				RefreshPlugins (0ms)
				BeforeProcessingInitializeOnLoad (118ms)
				ProcessInitializeOnLoadAttributes (192ms)
				ProcessInitializeOnLoadMethodAttributes (9ms)
				AfterProcessingInitializeOnLoad (8ms)
				EditorAssembliesLoaded (0ms)
			ExecutionOrderSort2 (0ms)
			AwakeInstancesAfterBackupRestoration (6ms)
Platform modules already initialized, skipping
========================================================================
Worker process is ready to serve import requests
Launched and connected shader compiler UnityShaderCompiler.exe after 0.09 seconds
Refreshing native plugins compatible for Editor in 0.66 ms, found 2 plugins.
Preloading 0 native plugins for Editor in 0.00 ms.
Unloading 1622 Unused Serialized files (Serialized files now loaded: 0)
System memory in use before: 73.1 MB.
System memory in use after: 73.2 MB.

Unloading 20 unused Assets to reduce memory usage. Loaded Objects now: 2055.
Total: 3.256900 ms (FindLiveObjects: 0.167300 ms CreateObjectMapping: 0.054000 ms MarkObjects: 2.971000 ms  DeleteObjects: 0.063400 ms)

AssetImportParameters requested are different than current active one (requested -> active):
  custom:framework-win-MediaFoundation: 216162199b28c13a410421893ffa2e32 -> 
  custom:video-decoder-ogg-theora: a1e56fd34408186e4bbccfd4996cb3dc -> 
  custom:container-muxer-webm: aa71ff27fc2769a1b78a27578f13a17b -> 
  custom:container-demuxer-webm: 4f35f7cbe854078d1ac9338744f61a02 -> 
  custom:container-demuxer-ogg: 62fdf1f143b41e24485cea50d1cbac27 -> 
  custom:video-encoder-webm-vp8: eb34c28f22e8b96e1ab97ce403110664 -> 
  custom:video-decoder-webm-vp8: 9c59270c3fd7afecdb556c50c9e8de78 -> 
  custom:audio-decoder-ogg-vorbis: bf7c407c2cedff20999df2af8eb42d56 -> 
  custom:audio-encoder-webm-vorbis: bf7c407c2cedff20999df2af8eb42d56 -> 
========================================================================
Received Import Request.
  path: Packages/com.google.xr.cardboard
  artifactKey: Guid(2a0ae01876436142841cfc3bb2df0513) Importer(815301076,1909f56bfc062723c751e8b465ee728b)
Start importing Packages/com.google.xr.cardboard using Guid(2a0ae01876436142841cfc3bb2df0513) Importer(815301076,1909f56bfc062723c751e8b465ee728b)  -> (artifact id: 'fb96454aaa050deec267bc24f2500875') in 0.010293 seconds 
  Import took 0.013256 seconds .

========================================================================
Received Import Request.
  Time since last request: 0.000188 seconds.
  path: Packages/com.google.xr.cardboard/package.json
  artifactKey: Guid(8733a4ec878ee4c25bf4a7f50e019d4b) Importer(815301076,1909f56bfc062723c751e8b465ee728b)
Start importing Packages/com.google.xr.cardboard/package.json using Guid(8733a4ec878ee4c25bf4a7f50e019d4b) Importer(815301076,1909f56bfc062723c751e8b465ee728b)  -> (artifact id: '2a99bdaa8df664278c5ac0978435108e') in 0.060291 seconds 
  Import took 0.062798 seconds .

========================================================================
Received Import Request.
  Time since last request: 7.454580 seconds.
  path: Packages/com.google.xr.cardboard/Resources/Cardboard
  artifactKey: Guid(3d6b5ad3915104da58aa307b011077af) Importer(815301076,1909f56bfc062723c751e8b465ee728b)
Start importing Packages/com.google.xr.cardboard/Resources/Cardboard using Guid(3d6b5ad3915104da58aa307b011077af) Importer(815301076,1909f56bfc062723c751e8b465ee728b)  -> (artifact id: '72244982a99b4dcf5dc9876666f906aa') in 0.007167 seconds 
  Import took 0.009717 seconds .

========================================================================
Received Import Request.
  Time since last request: 0.051035 seconds.
  path: Packages/com.google.xr.cardboard/Resources/Cardboard/quantum_ic_close_white_24.png
  artifactKey: Guid(07fee181ffab14930827f990c51f206f) Importer(815301076,1909f56bfc062723c751e8b465ee728b)
Start importing Packages/com.google.xr.cardboard/Resources/Cardboard/quantum_ic_close_white_24.png using Guid(07fee181ffab14930827f990c51f206f) Importer(815301076,1909f56bfc062723c751e8b465ee728b)  -> (artifact id: '020ac7b30375c19cd175eb0c330145de') in 0.072526 seconds 
  Import took 0.075325 seconds .

========================================================================
Received Import Request.
  Time since last request: 0.000285 seconds.
  path: Packages/com.google.xr.cardboard/Resources/Cardboard/quantum_ic_settings_white_24.png
  artifactKey: Guid(1ba35afc9ee124883bc3277e249dec2a) Importer(815301076,1909f56bfc062723c751e8b465ee728b)
Start importing Packages/com.google.xr.cardboard/Resources/Cardboard/quantum_ic_settings_white_24.png using Guid(1ba35afc9ee124883bc3277e249dec2a) Importer(815301076,1909f56bfc062723c751e8b465ee728b)  -> (artifact id: 'b9159637764170fce9b0b578f9643e81') in 0.014063 seconds 
  Import took 0.016775 seconds .

========================================================================
Received Import Request.
  Time since last request: 8.125806 seconds.
  path: Assets/XR
  artifactKey: Guid(f327ae10e5816fa428964ab979c93e85) Importer(815301076,1909f56bfc062723c751e8b465ee728b)
Start importing Assets/XR using Guid(f327ae10e5816fa428964ab979c93e85) Importer(815301076,1909f56bfc062723c751e8b465ee728b)  -> (artifact id: '5128909330c53f4be6e2b6bfebd33d57') in 0.007038 seconds 
  Import took 0.010031 seconds .

========================================================================
Received Import Request.
  Time since last request: 1.821816 seconds.
  path: Assets/XR/Loaders
  artifactKey: Guid(ffef4995dba050a45afb08d7c6c2d52a) Importer(815301076,1909f56bfc062723c751e8b465ee728b)
Start importing Assets/XR/Loaders using Guid(ffef4995dba050a45afb08d7c6c2d52a) Importer(815301076,1909f56bfc062723c751e8b465ee728b)  -> (artifact id: '2a540cc31d4153f02ed71083d770aba2') in 0.007049 seconds 
  Import took 0.009556 seconds .

========================================================================
Received Import Request.
  Time since last request: 0.052406 seconds.
  path: Assets/XR/Loaders/XR Loader.asset
  artifactKey: Guid(86d904f8d29366541884319927367aa7) Importer(815301076,1909f56bfc062723c751e8b465ee728b)
Start importing Assets/XR/Loaders/XR Loader.asset using Guid(86d904f8d29366541884319927367aa7) Importer(815301076,1909f56bfc062723c751e8b465ee728b)  -> (artifact id: '23ec56570b1f5bb8e3c049d161e6a1d1') in 0.012349 seconds 
  Import took 0.015529 seconds .

========================================================================
Received Import Request.
  Time since last request: 1.641094 seconds.
  path: Assets/XR/Settings/XR Settings.asset
  artifactKey: Guid(c9d91692759a6da40b0e881d1a62bf43) Importer(815301076,1909f56bfc062723c751e8b465ee728b)
Start importing Assets/XR/Settings/XR Settings.asset using Guid(c9d91692759a6da40b0e881d1a62bf43) Importer(815301076,1909f56bfc062723c751e8b465ee728b)  -> (artifact id: '43f6755d6d449074aee4fd66e0ebab66') in 0.007193 seconds 
  Import took 0.010267 seconds .

========================================================================
Received Import Request.
  Time since last request: 39.916072 seconds.
  path: Assets/Samples/Google Cardboard XR Plugin for Unity/1.10.0/Hello Cardboard
  artifactKey: Guid(28747a2097c9fae45bf89d9a4066fc7d) Importer(815301076,1909f56bfc062723c751e8b465ee728b)
Start importing Assets/Samples/Google Cardboard XR Plugin for Unity/1.10.0/Hello Cardboard using Guid(28747a2097c9fae45bf89d9a4066fc7d) Importer(815301076,1909f56bfc062723c751e8b465ee728b)  -> (artifact id: 'e380168bad70727bdfb821f7149ac70d') in 0.013675 seconds 
  Import took 0.017410 seconds .

========================================================================
Received Prepare
Registering precompiled user dll's ...
Registered in 0.007131 seconds.
Begin MonoManager ReloadAssembly
Native extension for WindowsStandalone target not found
Refreshing native plugins compatible for Editor in 0.37 ms, found 2 plugins.
Preloading 0 native plugins for Editor in 0.00 ms.
Mono: successfully reloaded assembly
- Completed reload, in  1.101 seconds
Domain Reload Profiling:
	ReloadAssembly (1101ms)
		BeginReloadAssembly (153ms)
			ExecutionOrderSort (0ms)
			DisableScriptedObjects (4ms)
			BackupInstance (0ms)
			ReleaseScriptingObjects (0ms)
			CreateAndSetChildDomain (34ms)
		EndReloadAssembly (880ms)
			LoadAssemblies (125ms)
			RebuildTransferFunctionScriptingTraits (0ms)
			SetupTypeCache (319ms)
			ReleaseScriptCaches (1ms)
			RebuildScriptCaches (40ms)
			SetupLoadedEditorAssemblies (321ms)
				LogAssemblyErrors (0ms)
				InitializePlatformSupportModulesInManaged (5ms)
				SetLoadedEditorAssemblies (1ms)
				RefreshPlugins (0ms)
				BeforeProcessingInitializeOnLoad (94ms)
				ProcessInitializeOnLoadAttributes (185ms)
				ProcessInitializeOnLoadMethodAttributes (18ms)
				AfterProcessingInitializeOnLoad (17ms)
				EditorAssembliesLoaded (0ms)
			ExecutionOrderSort2 (0ms)
			AwakeInstancesAfterBackupRestoration (13ms)
Platform modules already initialized, skipping
Refreshing native plugins compatible for Editor in 0.39 ms, found 2 plugins.
Preloading 0 native plugins for Editor in 0.00 ms.
Unloading 1616 Unused Serialized files (Serialized files now loaded: 0)
System memory in use before: 72.9 MB.
System memory in use after: 73.0 MB.

Unloading 15 unused Assets to reduce memory usage. Loaded Objects now: 2064.
Total: 2.649100 ms (FindLiveObjects: 0.123800 ms CreateObjectMapping: 0.039400 ms MarkObjects: 2.461000 ms  DeleteObjects: 0.024200 ms)

AssetImportParameters requested are different than current active one (requested -> active):
  custom:framework-win-MediaFoundation: 216162199b28c13a410421893ffa2e32 -> 
  custom:video-decoder-ogg-theora: a1e56fd34408186e4bbccfd4996cb3dc -> 
  custom:container-muxer-webm: aa71ff27fc2769a1b78a27578f13a17b -> 
  custom:container-demuxer-webm: 4f35f7cbe854078d1ac9338744f61a02 -> 
  custom:container-demuxer-ogg: 62fdf1f143b41e24485cea50d1cbac27 -> 
  custom:video-encoder-webm-vp8: eb34c28f22e8b96e1ab97ce403110664 -> 
  custom:video-decoder-webm-vp8: 9c59270c3fd7afecdb556c50c9e8de78 -> 
  custom:audio-decoder-ogg-vorbis: bf7c407c2cedff20999df2af8eb42d56 -> 
  custom:audio-encoder-webm-vorbis: bf7c407c2cedff20999df2af8eb42d56 -> 
========================================================================
Received Import Request.
  Time since last request: 10.331332 seconds.
  path: Assets/Samples/Google Cardboard XR Plugin for Unity
  artifactKey: Guid(0582a03f2c141dd43852f8182e77a797) Importer(815301076,1909f56bfc062723c751e8b465ee728b)
Start importing Assets/Samples/Google Cardboard XR Plugin for Unity using Guid(0582a03f2c141dd43852f8182e77a797) Importer(815301076,1909f56bfc062723c751e8b465ee728b)  -> (artifact id: '74aa10e296cbd2d04ac6b886d7c0a575') in 0.010316 seconds 
  Import took 0.012859 seconds .

========================================================================
Received Import Request.
  Time since last request: 0.828524 seconds.
  path: Assets/Samples/Google Cardboard XR Plugin for Unity/1.10.0
  artifactKey: Guid(fa29bd6d278a39a46a17d34d84496559) Importer(815301076,1909f56bfc062723c751e8b465ee728b)
Start importing Assets/Samples/Google Cardboard XR Plugin for Unity/1.10.0 using Guid(fa29bd6d278a39a46a17d34d84496559) Importer(815301076,1909f56bfc062723c751e8b465ee728b)  -> (artifact id: '24eee0b0a8b973ea19fed3967936112c') in 0.007694 seconds 
  Import took 0.010153 seconds .

========================================================================
Received Import Request.
  Time since last request: 2.416384 seconds.
  path: Assets/Samples/Google Cardboard XR Plugin for Unity/1.10.0/Hello Cardboard/Scenes
  artifactKey: Guid(6532d9b74af7e42dd9bfe5affd1bba03) Importer(815301076,1909f56bfc062723c751e8b465ee728b)
Start importing Assets/Samples/Google Cardboard XR Plugin for Unity/1.10.0/Hello Cardboard/Scenes using Guid(6532d9b74af7e42dd9bfe5affd1bba03) Importer(815301076,1909f56bfc062723c751e8b465ee728b)  -> (artifact id: '0811ac7d4320a59dbd65a70b3a4e0297') in 0.006386 seconds 
  Import took 0.009551 seconds .

========================================================================
Received Import Request.
  Time since last request: 0.750929 seconds.
  path: Assets/Samples/Google Cardboard XR Plugin for Unity/1.10.0/Hello Cardboard/Scenes/HelloCardboard.unity
  artifactKey: Guid(145a2a45d7bc746b19cb68410368bf96) Importer(815301076,1909f56bfc062723c751e8b465ee728b)
Start importing Assets/Samples/Google Cardboard XR Plugin for Unity/1.10.0/Hello Cardboard/Scenes/HelloCardboard.unity using Guid(145a2a45d7bc746b19cb68410368bf96) Importer(815301076,1909f56bfc062723c751e8b465ee728b)  -> (artifact id: '5beddf4d487e0d787e0df8cfad0c90ff') in 0.014695 seconds 
  Import took 0.017695 seconds .

========================================================================
Received Import Request.
  Time since last request: 27.179012 seconds.
  path: Assets/Player.prefab
  artifactKey: Guid(6a8fad9f1c984294e86a271d7ca43014) Importer(815301076,1909f56bfc062723c751e8b465ee728b)
Start importing Assets/Player.prefab using Guid(6a8fad9f1c984294e86a271d7ca43014) Importer(815301076,1909f56bfc062723c751e8b465ee728b)  -> (artifact id: '80259fdb76933802c66ccec239590425') in 0.027038 seconds 
  Import took 0.030519 seconds .

========================================================================
Received Prepare
Registering precompiled user dll's ...
Registered in 0.006585 seconds.
Begin MonoManager ReloadAssembly
Native extension for WindowsStandalone target not found
Refreshing native plugins compatible for Editor in 0.37 ms, found 2 plugins.
Preloading 0 native plugins for Editor in 0.00 ms.
Mono: successfully reloaded assembly
- Completed reload, in  1.164 seconds
Domain Reload Profiling:
	ReloadAssembly (1164ms)
		BeginReloadAssembly (163ms)
			ExecutionOrderSort (0ms)
			DisableScriptedObjects (6ms)
			BackupInstance (0ms)
			ReleaseScriptingObjects (0ms)
			CreateAndSetChildDomain (37ms)
		EndReloadAssembly (896ms)
			LoadAssemblies (144ms)
			RebuildTransferFunctionScriptingTraits (0ms)
			SetupTypeCache (325ms)
			ReleaseScriptCaches (1ms)
			RebuildScriptCaches (40ms)
			SetupLoadedEditorAssemblies (302ms)
				LogAssemblyErrors (0ms)
				InitializePlatformSupportModulesInManaged (4ms)
				SetLoadedEditorAssemblies (0ms)
				RefreshPlugins (0ms)
				BeforeProcessingInitializeOnLoad (99ms)
				ProcessInitializeOnLoadAttributes (179ms)
				ProcessInitializeOnLoadMethodAttributes (11ms)
				AfterProcessingInitializeOnLoad (8ms)
				EditorAssembliesLoaded (0ms)
			ExecutionOrderSort2 (0ms)
			AwakeInstancesAfterBackupRestoration (6ms)
Platform modules already initialized, skipping
Switching build target platform(19) subTarget(0) extendedPlatform(0) -> platform(13) subTarget(537395200) extendedPlatform(0)
Refreshing native plugins compatible for Editor in 0.91 ms, found 2 plugins.
Preloading 0 native plugins for Editor in 0.00 ms.
Unloading 1620 Unused Serialized files (Serialized files now loaded: 0)
System memory in use before: 72.9 MB.
System memory in use after: 73.0 MB.

Unloading 15 unused Assets to reduce memory usage. Loaded Objects now: 2067.
Total: 4.642400 ms (FindLiveObjects: 0.245100 ms CreateObjectMapping: 0.081300 ms MarkObjects: 4.267400 ms  DeleteObjects: 0.046800 ms)

AssetImportParameters requested are different than current active one (requested -> active):
  custom:framework-win-MediaFoundation: 216162199b28c13a410421893ffa2e32 -> 
  custom:video-decoder-ogg-theora: a1e56fd34408186e4bbccfd4996cb3dc -> 
  custom:container-muxer-webm: aa71ff27fc2769a1b78a27578f13a17b -> 
  custom:container-demuxer-webm: 4f35f7cbe854078d1ac9338744f61a02 -> 
  custom:container-demuxer-ogg: 62fdf1f143b41e24485cea50d1cbac27 -> 
  custom:video-encoder-webm-vp8: eb34c28f22e8b96e1ab97ce403110664 -> 
  custom:video-decoder-webm-vp8: 9c59270c3fd7afecdb556c50c9e8de78 -> 
  custom:graphics/normal-map-encoding: 01000000000000000000000000000000 -> 02000000000000000000000000000000
  custom:audio-decoder-ogg-vorbis: bf7c407c2cedff20999df2af8eb42d56 -> 
  custom:audio-encoder-webm-vorbis: bf7c407c2cedff20999df2af8eb42d56 -> 
========================================================================
Received Prepare
Refreshing native plugins compatible for Editor in 4.23 ms, found 2 plugins.
Preloading 0 native plugins for Editor in 0.00 ms.
Unloading 12 Unused Serialized files (Serialized files now loaded: 0)
System memory in use before: 40.6 MB.
System memory in use after: 40.7 MB.

Unloading 12 unused Assets to reduce memory usage. Loaded Objects now: 2067.
Total: 2.666800 ms (FindLiveObjects: 0.140800 ms CreateObjectMapping: 0.046400 ms MarkObjects: 2.466600 ms  DeleteObjects: 0.012100 ms)

AssetImportParameters requested are different than current active one (requested -> active):
  custom:framework-win-MediaFoundation: 216162199b28c13a410421893ffa2e32 -> 
  custom:video-decoder-ogg-theora: a1e56fd34408186e4bbccfd4996cb3dc -> 
  custom:container-muxer-webm: aa71ff27fc2769a1b78a27578f13a17b -> 
  custom:container-demuxer-webm: 4f35f7cbe854078d1ac9338744f61a02 -> 
  custom:container-demuxer-ogg: 62fdf1f143b41e24485cea50d1cbac27 -> 
  custom:video-encoder-webm-vp8: eb34c28f22e8b96e1ab97ce403110664 -> 
  custom:video-decoder-webm-vp8: 9c59270c3fd7afecdb556c50c9e8de78 -> 
  custom:audio-decoder-ogg-vorbis: bf7c407c2cedff20999df2af8eb42d56 -> 
  custom:audio-encoder-webm-vorbis: bf7c407c2cedff20999df2af8eb42d56 -> 
========================================================================
Received Prepare
Switching build target platform(13) subTarget(537395200) extendedPlatform(0) -> platform(13) subTarget(524288) extendedPlatform(0)
Refreshing native plugins compatible for Editor in 5.09 ms, found 2 plugins.
Preloading 0 native plugins for Editor in 0.00 ms.
Unloading 12 Unused Serialized files (Serialized files now loaded: 0)
System memory in use before: 40.6 MB.
System memory in use after: 40.7 MB.

Unloading 12 unused Assets to reduce memory usage. Loaded Objects now: 2067.
Total: 3.160800 ms (FindLiveObjects: 0.163500 ms CreateObjectMapping: 0.051700 ms MarkObjects: 2.897500 ms  DeleteObjects: 0.047000 ms)

AssetImportParameters requested are different than current active one (requested -> active):
  buildTarget: platform 13, subtarget 524288, extendedPlatform 0 -> platform 13, subtarget 537395200, extendedPlatform 0
  graphicsApiMask: 2048 -> 2099200
  custom:framework-win-MediaFoundation: 216162199b28c13a410421893ffa2e32 -> 
  custom:video-decoder-ogg-theora: a1e56fd34408186e4bbccfd4996cb3dc -> 
  custom:container-muxer-webm: aa71ff27fc2769a1b78a27578f13a17b -> 
  custom:container-demuxer-webm: 4f35f7cbe854078d1ac9338744f61a02 -> 
  custom:container-demuxer-ogg: 62fdf1f143b41e24485cea50d1cbac27 -> 
  custom:video-encoder-webm-vp8: eb34c28f22e8b96e1ab97ce403110664 -> 
  custom:video-decoder-webm-vp8: 9c59270c3fd7afecdb556c50c9e8de78 -> 
  custom:audio-decoder-ogg-vorbis: bf7c407c2cedff20999df2af8eb42d56 -> 
  custom:audio-encoder-webm-vorbis: bf7c407c2cedff20999df2af8eb42d56 -> 
========================================================================
Received Import Request.
  Time since last request: 997.530700 seconds.
  path: Assets/Plugins/Android/AndroidManifest.xml
  artifactKey: Guid(2b60ac339402ec246844c8952660669e) Importer(815301076,1909f56bfc062723c751e8b465ee728b)
Start importing Assets/Plugins/Android/AndroidManifest.xml using Guid(2b60ac339402ec246844c8952660669e) Importer(815301076,1909f56bfc062723c751e8b465ee728b)  -> (artifact id: 'b11ab54f279a226b47fc1108dd03bed7') in 0.027991 seconds 
  Import took 0.030711 seconds .

========================================================================
Received Import Request.
  Time since last request: 3.084780 seconds.
  path: Assets/Plugins/Android/mainTemplate.gradle
  artifactKey: Guid(d4275f60537e706469f99d960e3a3563) Importer(815301076,1909f56bfc062723c751e8b465ee728b)
Start importing Assets/Plugins/Android/mainTemplate.gradle using Guid(d4275f60537e706469f99d960e3a3563) Importer(815301076,1909f56bfc062723c751e8b465ee728b)  -> (artifact id: '5ce9352011d2264e13b19fd14afe147c') in 0.011692 seconds 
  Import took 0.014315 seconds .

========================================================================
Received Import Request.
  Time since last request: 24.869192 seconds.
  path: Assets/Plugins/Android/mainTemplate.gradle
  artifactKey: Guid(d4275f60537e706469f99d960e3a3563) Importer(815301076,1909f56bfc062723c751e8b465ee728b)
Start importing Assets/Plugins/Android/mainTemplate.gradle using Guid(d4275f60537e706469f99d960e3a3563) Importer(815301076,1909f56bfc062723c751e8b465ee728b)  -> (artifact id: '155880c70455a2ad9a8ee88a5c24eac6') in 0.008745 seconds 
  Import took 0.012095 seconds .

========================================================================
Received Import Request.
  Time since last request: 34.995460 seconds.
  path: Assets/Plugins/Android/gradleTemplate.properties
  artifactKey: Guid(d57460c1eb2d8024481265a4855086f2) Importer(815301076,1909f56bfc062723c751e8b465ee728b)
Start importing Assets/Plugins/Android/gradleTemplate.properties using Guid(d57460c1eb2d8024481265a4855086f2) Importer(815301076,1909f56bfc062723c751e8b465ee728b)  -> (artifact id: '8fb0284d78eaeaefaffc3acf05d5c8cf') in 0.011169 seconds 
  Import took 0.014736 seconds .

========================================================================
Received Import Request.
  Time since last request: 6.253865 seconds.
  path: Assets/Plugins/Android/gradleTemplate.properties
  artifactKey: Guid(d57460c1eb2d8024481265a4855086f2) Importer(815301076,1909f56bfc062723c751e8b465ee728b)
Start importing Assets/Plugins/Android/gradleTemplate.properties using Guid(d57460c1eb2d8024481265a4855086f2) Importer(815301076,1909f56bfc062723c751e8b465ee728b)  -> (artifact id: 'e3bb8c38b8ec95e3b48467e393817fc0') in 0.013471 seconds 
  Import took 0.017573 seconds .

========================================================================
Received Import Request.
  Time since last request: 18.440154 seconds.
  path: Assets/Plugins/Android/AndroidManifest.xml
  artifactKey: Guid(2b60ac339402ec246844c8952660669e) Importer(815301076,1909f56bfc062723c751e8b465ee728b)
Start importing Assets/Plugins/Android/AndroidManifest.xml using Guid(2b60ac339402ec246844c8952660669e) Importer(815301076,1909f56bfc062723c751e8b465ee728b)  -> (artifact id: '3553ad2e6140e9aa1c0c40145acb85ba') in 0.008196 seconds 
  Import took 0.011673 seconds .

========================================================================
Received Import Request.
  Time since last request: 58.694532 seconds.
  path: Assets/Samples/XR Plugin Management/4.0.1/Example XR Management implementation
  artifactKey: Guid(053df304c6ec56c4b9bb350488d6286f) Importer(815301076,1909f56bfc062723c751e8b465ee728b)
Start importing Assets/Samples/XR Plugin Management/4.0.1/Example XR Management implementation using Guid(053df304c6ec56c4b9bb350488d6286f) Importer(815301076,1909f56bfc062723c751e8b465ee728b)  -> (artifact id: '450580f3671988807a3266b9cbcbb60c') in 0.009133 seconds 
  Import took 0.012864 seconds .

========================================================================
Received Prepare
Registering precompiled user dll's ...
Registered in 0.006354 seconds.
Begin MonoManager ReloadAssembly
Native extension for WindowsStandalone target not found
Refreshing native plugins compatible for Editor in 0.44 ms, found 2 plugins.
Preloading 0 native plugins for Editor in 0.00 ms.
Mono: successfully reloaded assembly
- Completed reload, in  1.105 seconds
Domain Reload Profiling:
	ReloadAssembly (1105ms)
		BeginReloadAssembly (148ms)
			ExecutionOrderSort (0ms)
			DisableScriptedObjects (4ms)
			BackupInstance (0ms)
			ReleaseScriptingObjects (0ms)
			CreateAndSetChildDomain (31ms)
		EndReloadAssembly (893ms)
			LoadAssemblies (129ms)
			RebuildTransferFunctionScriptingTraits (0ms)
			SetupTypeCache (332ms)
			ReleaseScriptCaches (1ms)
			RebuildScriptCaches (43ms)
			SetupLoadedEditorAssemblies (291ms)
				LogAssemblyErrors (0ms)
				InitializePlatformSupportModulesInManaged (5ms)
				SetLoadedEditorAssemblies (1ms)
				RefreshPlugins (1ms)
				BeforeProcessingInitializeOnLoad (95ms)
				ProcessInitializeOnLoadAttributes (174ms)
				ProcessInitializeOnLoadMethodAttributes (8ms)
				AfterProcessingInitializeOnLoad (8ms)
				EditorAssembliesLoaded (0ms)
			ExecutionOrderSort2 (0ms)
			AwakeInstancesAfterBackupRestoration (6ms)
Platform modules already initialized, skipping
Switching build target platform(19) subTarget(0) extendedPlatform(0) -> platform(13) subTarget(524288) extendedPlatform(0)
Refreshing native plugins compatible for Editor in 0.36 ms, found 2 plugins.
Preloading 0 native plugins for Editor in 0.00 ms.
Unloading 1627 Unused Serialized files (Serialized files now loaded: 0)
System memory in use before: 73.1 MB.
System memory in use after: 73.2 MB.

Unloading 15 unused Assets to reduce memory usage. Loaded Objects now: 2077.
Total: 2.700000 ms (FindLiveObjects: 0.188200 ms CreateObjectMapping: 0.074700 ms MarkObjects: 2.421000 ms  DeleteObjects: 0.015200 ms)

AssetImportParameters requested are different than current active one (requested -> active):
  custom:framework-win-MediaFoundation: 216162199b28c13a410421893ffa2e32 -> 
  custom:video-decoder-ogg-theora: a1e56fd34408186e4bbccfd4996cb3dc -> 
  custom:container-muxer-webm: aa71ff27fc2769a1b78a27578f13a17b -> 
  custom:container-demuxer-webm: 4f35f7cbe854078d1ac9338744f61a02 -> 
  custom:container-demuxer-ogg: 62fdf1f143b41e24485cea50d1cbac27 -> 
  custom:video-encoder-webm-vp8: eb34c28f22e8b96e1ab97ce403110664 -> 
  custom:video-decoder-webm-vp8: 9c59270c3fd7afecdb556c50c9e8de78 -> 
  custom:graphics/normal-map-encoding: 01000000000000000000000000000000 -> 02000000000000000000000000000000
  custom:audio-decoder-ogg-vorbis: bf7c407c2cedff20999df2af8eb42d56 -> 
  custom:audio-encoder-webm-vorbis: bf7c407c2cedff20999df2af8eb42d56 -> 
========================================================================
Received Import Request.
  Time since last request: 23.108525 seconds.
  path: Assets/Player.prefab
  artifactKey: Guid(6a8fad9f1c984294e86a271d7ca43014) Importer(815301076,1909f56bfc062723c751e8b465ee728b)
Start importing Assets/Player.prefab using Guid(6a8fad9f1c984294e86a271d7ca43014) Importer(815301076,1909f56bfc062723c751e8b465ee728b)  -> (artifact id: 'f0a39797ac0fa19f0567adeb5a9b4f92') in 0.031821 seconds 
  Import took 0.034890 seconds .

========================================================================
Received Import Request.
  Time since last request: 15.240669 seconds.
  path: Assets/Scenes/SampleScene.unity
  artifactKey: Guid(9fc0d4010bbf28b4594072e72b8655ab) Importer(815301076,1909f56bfc062723c751e8b465ee728b)
Start importing Assets/Scenes/SampleScene.unity using Guid(9fc0d4010bbf28b4594072e72b8655ab) Importer(815301076,1909f56bfc062723c751e8b465ee728b)  -> (artifact id: 'f25ba46816c5572208a7cd8751723e32') in 0.008144 seconds 
  Import took 0.010600 seconds .

========================================================================
Received Prepare
Refreshing native plugins compatible for Editor in 6.29 ms, found 2 plugins.
Preloading 0 native plugins for Editor in 0.00 ms.
Unloading 12 Unused Serialized files (Serialized files now loaded: 0)
System memory in use before: 40.8 MB.
System memory in use after: 40.9 MB.

Unloading 12 unused Assets to reduce memory usage. Loaded Objects now: 2077.
Total: 128.982800 ms (FindLiveObjects: 0.293900 ms CreateObjectMapping: 0.096800 ms MarkObjects: 128.559600 ms  DeleteObjects: 0.030400 ms)

AssetImportParameters requested are different than current active one (requested -> active):
  custom:framework-win-MediaFoundation: 216162199b28c13a410421893ffa2e32 -> 
  custom:video-decoder-ogg-theora: a1e56fd34408186e4bbccfd4996cb3dc -> 
  custom:container-muxer-webm: aa71ff27fc2769a1b78a27578f13a17b -> 
  custom:container-demuxer-webm: 4f35f7cbe854078d1ac9338744f61a02 -> 
  custom:container-demuxer-ogg: 62fdf1f143b41e24485cea50d1cbac27 -> 
  custom:video-encoder-webm-vp8: eb34c28f22e8b96e1ab97ce403110664 -> 
  custom:video-decoder-webm-vp8: 9c59270c3fd7afecdb556c50c9e8de78 -> 
  custom:audio-decoder-ogg-vorbis: bf7c407c2cedff20999df2af8eb42d56 -> 
  custom:audio-encoder-webm-vorbis: bf7c407c2cedff20999df2af8eb42d56 -> 
========================================================================
Received Import Request.
  Time since last request: 566.770498 seconds.
  path: Assets/Plugins/Android
  artifactKey: Guid(4e516a23997ba384194763fc13a3d729) Importer(815301076,1909f56bfc062723c751e8b465ee728b)
Start importing Assets/Plugins/Android using Guid(4e516a23997ba384194763fc13a3d729) Importer(815301076,1909f56bfc062723c751e8b465ee728b)  -> (artifact id: '18036dc650e8af442021e5041c739b90') in 0.007425 seconds 
  Import took 0.010535 seconds .

========================================================================
Received Import Request.
  Time since last request: 9.220059 seconds.
  path: Assets/Plugins/Android/mainTemplate.gradle
  artifactKey: Guid(d4275f60537e706469f99d960e3a3563) Importer(815301076,1909f56bfc062723c751e8b465ee728b)
Start importing Assets/Plugins/Android/mainTemplate.gradle using Guid(d4275f60537e706469f99d960e3a3563) Importer(815301076,1909f56bfc062723c751e8b465ee728b)  -> (artifact id: '790e3ea06213349b82ba3575e3624588') in 0.009604 seconds 
  Import took 0.014306 seconds .

========================================================================
Received Prepare
Refreshing native plugins compatible for Editor in 5.07 ms, found 2 plugins.
Preloading 0 native plugins for Editor in 0.00 ms.
Unloading 12 Unused Serialized files (Serialized files now loaded: 0)
System memory in use before: 40.8 MB.
System memory in use after: 40.9 MB.

Unloading 12 unused Assets to reduce memory usage. Loaded Objects now: 2077.
Total: 3.513000 ms (FindLiveObjects: 0.155800 ms CreateObjectMapping: 0.045500 ms MarkObjects: 3.298300 ms  DeleteObjects: 0.012700 ms)

AssetImportParameters requested are different than current active one (requested -> active):
  custom:framework-win-MediaFoundation: 216162199b28c13a410421893ffa2e32 -> 
  custom:video-decoder-ogg-theora: a1e56fd34408186e4bbccfd4996cb3dc -> 
  custom:container-muxer-webm: aa71ff27fc2769a1b78a27578f13a17b -> 
  custom:container-demuxer-webm: 4f35f7cbe854078d1ac9338744f61a02 -> 
  custom:container-demuxer-ogg: 62fdf1f143b41e24485cea50d1cbac27 -> 
  custom:video-encoder-webm-vp8: eb34c28f22e8b96e1ab97ce403110664 -> 
  custom:video-decoder-webm-vp8: 9c59270c3fd7afecdb556c50c9e8de78 -> 
  custom:audio-decoder-ogg-vorbis: bf7c407c2cedff20999df2af8eb42d56 -> 
  custom:audio-encoder-webm-vorbis: bf7c407c2cedff20999df2af8eb42d56 -> 
========================================================================
Received Prepare
Refreshing native plugins compatible for Editor in 4.69 ms, found 2 plugins.
Preloading 0 native plugins for Editor in 0.00 ms.
Unloading 12 Unused Serialized files (Serialized files now loaded: 0)
System memory in use before: 40.8 MB.
System memory in use after: 40.9 MB.

Unloading 12 unused Assets to reduce memory usage. Loaded Objects now: 2077.
Total: 4.283600 ms (FindLiveObjects: 0.169200 ms CreateObjectMapping: 0.045800 ms MarkObjects: 4.030700 ms  DeleteObjects: 0.036100 ms)

AssetImportParameters requested are different than current active one (requested -> active):
  custom:framework-win-MediaFoundation: 216162199b28c13a410421893ffa2e32 -> 
  custom:video-decoder-ogg-theora: a1e56fd34408186e4bbccfd4996cb3dc -> 
  custom:container-muxer-webm: aa71ff27fc2769a1b78a27578f13a17b -> 
  custom:container-demuxer-webm: 4f35f7cbe854078d1ac9338744f61a02 -> 
  custom:container-demuxer-ogg: 62fdf1f143b41e24485cea50d1cbac27 -> 
  custom:video-encoder-webm-vp8: eb34c28f22e8b96e1ab97ce403110664 -> 
  custom:video-decoder-webm-vp8: 9c59270c3fd7afecdb556c50c9e8de78 -> 
  custom:audio-decoder-ogg-vorbis: bf7c407c2cedff20999df2af8eb42d56 -> 
  custom:audio-encoder-webm-vorbis: bf7c407c2cedff20999df2af8eb42d56 -> 
========================================================================
Received Prepare
Registering precompiled user dll's ...
Registered in 0.007944 seconds.
Begin MonoManager ReloadAssembly
Native extension for WindowsStandalone target not found
Refreshing native plugins compatible for Editor in 0.40 ms, found 2 plugins.
Preloading 0 native plugins for Editor in 0.00 ms.
Mono: successfully reloaded assembly
- Completed reload, in  1.317 seconds
Domain Reload Profiling:
	ReloadAssembly (1318ms)
		BeginReloadAssembly (225ms)
			ExecutionOrderSort (0ms)
			DisableScriptedObjects (6ms)
			BackupInstance (0ms)
			ReleaseScriptingObjects (0ms)
			CreateAndSetChildDomain (50ms)
		EndReloadAssembly (987ms)
			LoadAssemblies (204ms)
			RebuildTransferFunctionScriptingTraits (0ms)
			SetupTypeCache (346ms)
			ReleaseScriptCaches (1ms)
			RebuildScriptCaches (38ms)
			SetupLoadedEditorAssemblies (327ms)
				LogAssemblyErrors (0ms)
				InitializePlatformSupportModulesInManaged (4ms)
				SetLoadedEditorAssemblies (0ms)
				RefreshPlugins (0ms)
				BeforeProcessingInitializeOnLoad (97ms)
				ProcessInitializeOnLoadAttributes (208ms)
				ProcessInitializeOnLoadMethodAttributes (9ms)
				AfterProcessingInitializeOnLoad (7ms)
				EditorAssembliesLoaded (0ms)
			ExecutionOrderSort2 (0ms)
			AwakeInstancesAfterBackupRestoration (6ms)
Platform modules already initialized, skipping
Switching build target platform(19) subTarget(0) extendedPlatform(0) -> platform(13) subTarget(524288) extendedPlatform(0)
Refreshing native plugins compatible for Editor in 0.39 ms, found 2 plugins.
Preloading 0 native plugins for Editor in 0.00 ms.
Unloading 1627 Unused Serialized files (Serialized files now loaded: 0)
System memory in use before: 73.2 MB.
System memory in use after: 73.3 MB.

Unloading 15 unused Assets to reduce memory usage. Loaded Objects now: 2080.
Total: 3.311400 ms (FindLiveObjects: 0.212300 ms CreateObjectMapping: 0.145100 ms MarkObjects: 2.936200 ms  DeleteObjects: 0.016600 ms)

AssetImportParameters requested are different than current active one (requested -> active):
  custom:framework-win-MediaFoundation: 216162199b28c13a410421893ffa2e32 -> 
  custom:video-decoder-ogg-theora: a1e56fd34408186e4bbccfd4996cb3dc -> 
  custom:container-muxer-webm: aa71ff27fc2769a1b78a27578f13a17b -> 
  custom:container-demuxer-webm: 4f35f7cbe854078d1ac9338744f61a02 -> 
  custom:container-demuxer-ogg: 62fdf1f143b41e24485cea50d1cbac27 -> 
  custom:video-encoder-webm-vp8: eb34c28f22e8b96e1ab97ce403110664 -> 
  custom:video-decoder-webm-vp8: 9c59270c3fd7afecdb556c50c9e8de78 -> 
  custom:graphics/normal-map-encoding: 01000000000000000000000000000000 -> 02000000000000000000000000000000
  custom:audio-decoder-ogg-vorbis: bf7c407c2cedff20999df2af8eb42d56 -> 
  custom:audio-encoder-webm-vorbis: bf7c407c2cedff20999df2af8eb42d56 -> 
========================================================================
Received Prepare
Refreshing native plugins compatible for Editor in 4.39 ms, found 2 plugins.
Preloading 0 native plugins for Editor in 0.00 ms.
Unloading 12 Unused Serialized files (Serialized files now loaded: 0)
System memory in use before: 40.8 MB.
System memory in use after: 40.9 MB.

Unloading 12 unused Assets to reduce memory usage. Loaded Objects now: 2080.
Total: 3.633900 ms (FindLiveObjects: 0.148500 ms CreateObjectMapping: 0.040900 ms MarkObjects: 3.421600 ms  DeleteObjects: 0.022100 ms)

AssetImportParameters requested are different than current active one (requested -> active):
  custom:framework-win-MediaFoundation: 216162199b28c13a410421893ffa2e32 -> 
  custom:video-decoder-ogg-theora: a1e56fd34408186e4bbccfd4996cb3dc -> 
  custom:container-muxer-webm: aa71ff27fc2769a1b78a27578f13a17b -> 
  custom:container-demuxer-webm: 4f35f7cbe854078d1ac9338744f61a02 -> 
  custom:container-demuxer-ogg: 62fdf1f143b41e24485cea50d1cbac27 -> 
  custom:video-encoder-webm-vp8: eb34c28f22e8b96e1ab97ce403110664 -> 
  custom:video-decoder-webm-vp8: 9c59270c3fd7afecdb556c50c9e8de78 -> 
  custom:audio-decoder-ogg-vorbis: bf7c407c2cedff20999df2af8eb42d56 -> 
  custom:audio-encoder-webm-vorbis: bf7c407c2cedff20999df2af8eb42d56 -> 
========================================================================
Received Import Request.
  Time since last request: 1151.763194 seconds.
  path: Assets/Plugins/Android/gradleTemplate.properties
  artifactKey: Guid(d57460c1eb2d8024481265a4855086f2) Importer(815301076,1909f56bfc062723c751e8b465ee728b)
Start importing Assets/Plugins/Android/gradleTemplate.properties using Guid(d57460c1eb2d8024481265a4855086f2) Importer(815301076,1909f56bfc062723c751e8b465ee728b)  -> (artifact id: 'e27a8881231a5974821de72bd4c08408') in 0.016172 seconds 
  Import took 0.020252 seconds .

========================================================================
Received Import Request.
  Time since last request: 29.974541 seconds.
  path: Assets/Plugins/Android/LauncherManifest.xml
  artifactKey: Guid(506ce8f248e62dd458123a9b12346526) Importer(815301076,1909f56bfc062723c751e8b465ee728b)
Start importing Assets/Plugins/Android/LauncherManifest.xml using Guid(506ce8f248e62dd458123a9b12346526) Importer(815301076,1909f56bfc062723c751e8b465ee728b)  -> (artifact id: 'f94337caa020806cdde6d4272ae49a72') in 0.008278 seconds 
  Import took 0.012596 seconds .

========================================================================
Received Import Request.
  Time since last request: 82.786333 seconds.
  path: Assets/Plugins/Android/LauncherManifest.xml.DISABLED
  artifactKey: Guid(506ce8f248e62dd458123a9b12346526) Importer(815301076,1909f56bfc062723c751e8b465ee728b)
Start importing Assets/Plugins/Android/LauncherManifest.xml.DISABLED using Guid(506ce8f248e62dd458123a9b12346526) Importer(815301076,1909f56bfc062723c751e8b465ee728b)  -> (artifact id: '52b53eea746c5d220262e63184631396') in 0.012995 seconds 
  Import took 0.016464 seconds .

========================================================================
Received Import Request.
  Time since last request: 39.416890 seconds.
  path: Assets/Plugins/Android/gradleTemplate.properties
  artifactKey: Guid(d57460c1eb2d8024481265a4855086f2) Importer(815301076,1909f56bfc062723c751e8b465ee728b)
Start importing Assets/Plugins/Android/gradleTemplate.properties using Guid(d57460c1eb2d8024481265a4855086f2) Importer(815301076,1909f56bfc062723c751e8b465ee728b)  -> (artifact id: 'd7ff5fdd094b906be53e666d78a0ff14') in 0.011196 seconds 
  Import took 0.017933 seconds .

========================================================================
Received Prepare
Refreshing native plugins compatible for Editor in 5.20 ms, found 2 plugins.
Preloading 0 native plugins for Editor in 0.00 ms.
Unloading 12 Unused Serialized files (Serialized files now loaded: 0)
System memory in use before: 40.8 MB.
System memory in use after: 40.9 MB.

Unloading 12 unused Assets to reduce memory usage. Loaded Objects now: 2080.
Total: 4.234500 ms (FindLiveObjects: 0.179200 ms CreateObjectMapping: 0.069500 ms MarkObjects: 3.956600 ms  DeleteObjects: 0.028200 ms)

AssetImportParameters requested are different than current active one (requested -> active):
  custom:framework-win-MediaFoundation: 216162199b28c13a410421893ffa2e32 -> 
  custom:video-decoder-ogg-theora: a1e56fd34408186e4bbccfd4996cb3dc -> 
  custom:container-muxer-webm: aa71ff27fc2769a1b78a27578f13a17b -> 
  custom:container-demuxer-webm: 4f35f7cbe854078d1ac9338744f61a02 -> 
  custom:container-demuxer-ogg: 62fdf1f143b41e24485cea50d1cbac27 -> 
  custom:video-encoder-webm-vp8: eb34c28f22e8b96e1ab97ce403110664 -> 
  custom:video-decoder-webm-vp8: 9c59270c3fd7afecdb556c50c9e8de78 -> 
  custom:audio-decoder-ogg-vorbis: bf7c407c2cedff20999df2af8eb42d56 -> 
  custom:audio-encoder-webm-vorbis: bf7c407c2cedff20999df2af8eb42d56 -> 
========================================================================
Received Import Request.
  Time since last request: 370.904862 seconds.
  path: Assets/Samples/Google Cardboard XR Plugin for Unity/1.10.0/Hello Cardboard/Scenes/HelloCardboard.unity
  artifactKey: Guid(145a2a45d7bc746b19cb68410368bf96) Importer(815301076,1909f56bfc062723c751e8b465ee728b)
Start importing Assets/Samples/Google Cardboard XR Plugin for Unity/1.10.0/Hello Cardboard/Scenes/HelloCardboard.unity using Guid(145a2a45d7bc746b19cb68410368bf96) Importer(815301076,1909f56bfc062723c751e8b465ee728b)  -> (artifact id: '3834cf23c7026e5c6d910d7c46d32815') in 0.006685 seconds 
  Import took 0.010674 seconds .

========================================================================
Received Prepare
Refreshing native plugins compatible for Editor in 5.74 ms, found 2 plugins.
Preloading 0 native plugins for Editor in 0.00 ms.
Unloading 12 Unused Serialized files (Serialized files now loaded: 0)
System memory in use before: 40.8 MB.
System memory in use after: 40.9 MB.

Unloading 12 unused Assets to reduce memory usage. Loaded Objects now: 2080.
Total: 3.565000 ms (FindLiveObjects: 0.231000 ms CreateObjectMapping: 0.050700 ms MarkObjects: 3.249000 ms  DeleteObjects: 0.016300 ms)

AssetImportParameters requested are different than current active one (requested -> active):
  custom:framework-win-MediaFoundation: 216162199b28c13a410421893ffa2e32 -> 
  custom:video-decoder-ogg-theora: a1e56fd34408186e4bbccfd4996cb3dc -> 
  custom:container-muxer-webm: aa71ff27fc2769a1b78a27578f13a17b -> 
  custom:container-demuxer-webm: 4f35f7cbe854078d1ac9338744f61a02 -> 
  custom:container-demuxer-ogg: 62fdf1f143b41e24485cea50d1cbac27 -> 
  custom:video-encoder-webm-vp8: eb34c28f22e8b96e1ab97ce403110664 -> 
  custom:video-decoder-webm-vp8: 9c59270c3fd7afecdb556c50c9e8de78 -> 
  custom:audio-decoder-ogg-vorbis: bf7c407c2cedff20999df2af8eb42d56 -> 
  custom:audio-encoder-webm-vorbis: bf7c407c2cedff20999df2af8eb42d56 -> 
========================================================================
Received Prepare
Refreshing native plugins compatible for Editor in 4.18 ms, found 2 plugins.
Preloading 0 native plugins for Editor in 0.00 ms.
Unloading 12 Unused Serialized files (Serialized files now loaded: 0)
System memory in use before: 40.8 MB.
System memory in use after: 40.9 MB.

Unloading 12 unused Assets to reduce memory usage. Loaded Objects now: 2080.
Total: 3.574800 ms (FindLiveObjects: 0.173900 ms CreateObjectMapping: 0.048200 ms MarkObjects: 3.334700 ms  DeleteObjects: 0.016500 ms)

AssetImportParameters requested are different than current active one (requested -> active):
  custom:framework-win-MediaFoundation: 216162199b28c13a410421893ffa2e32 -> 
  custom:video-decoder-ogg-theora: a1e56fd34408186e4bbccfd4996cb3dc -> 
  custom:container-muxer-webm: aa71ff27fc2769a1b78a27578f13a17b -> 
  custom:container-demuxer-webm: 4f35f7cbe854078d1ac9338744f61a02 -> 
  custom:container-demuxer-ogg: 62fdf1f143b41e24485cea50d1cbac27 -> 
  custom:video-encoder-webm-vp8: eb34c28f22e8b96e1ab97ce403110664 -> 
  custom:video-decoder-webm-vp8: 9c59270c3fd7afecdb556c50c9e8de78 -> 
  custom:audio-decoder-ogg-vorbis: bf7c407c2cedff20999df2af8eb42d56 -> 
  custom:audio-encoder-webm-vorbis: bf7c407c2cedff20999df2af8eb42d56 -> 
========================================================================
Received Import Request.
  Time since last request: 328.834578 seconds.
  path: Assets/Player Variant.prefab
  artifactKey: Guid(ab4951435e72b0640a2b64da0a2a4b13) Importer(815301076,1909f56bfc062723c751e8b465ee728b)
Start importing Assets/Player Variant.prefab using Guid(ab4951435e72b0640a2b64da0a2a4b13) Importer(815301076,1909f56bfc062723c751e8b465ee728b)  -> (artifact id: '6be36e67339d25eba39a20fedcbb9b3b') in 0.028211 seconds 
  Import took 0.033431 seconds .

========================================================================
Received Import Request.
  Time since last request: 6.500822 seconds.
  path: Assets/Player Variant.prefab
  artifactKey: Guid(ab4951435e72b0640a2b64da0a2a4b13) Importer(815301076,1909f56bfc062723c751e8b465ee728b)
Start importing Assets/Player Variant.prefab using Guid(ab4951435e72b0640a2b64da0a2a4b13) Importer(815301076,1909f56bfc062723c751e8b465ee728b)  -> (artifact id: '37e831bcd11e94023d6b55a196a876ea') in 0.028595 seconds 
  Import took 0.032612 seconds .

========================================================================
Received Import Request.
  Time since last request: 3.364667 seconds.
  path: Assets/Player.prefab
  artifactKey: Guid(6a8fad9f1c984294e86a271d7ca43014) Importer(815301076,1909f56bfc062723c751e8b465ee728b)
Start importing Assets/Player.prefab using Guid(6a8fad9f1c984294e86a271d7ca43014) Importer(815301076,1909f56bfc062723c751e8b465ee728b)  -> (artifact id: '31c0654c4fa74f1c3cfa33badaf6951e') in 0.011709 seconds 
  Import took 0.015992 seconds .

========================================================================
Received Import Request.
  Time since last request: 8.919137 seconds.
  path: Assets/Scenes/SampleScene.unity
  artifactKey: Guid(9fc0d4010bbf28b4594072e72b8655ab) Importer(815301076,1909f56bfc062723c751e8b465ee728b)
Start importing Assets/Scenes/SampleScene.unity using Guid(9fc0d4010bbf28b4594072e72b8655ab) Importer(815301076,1909f56bfc062723c751e8b465ee728b)  -> (artifact id: '9379825d27c04e78bdd448ac91b3f864') in 0.006603 seconds 
  Import took 0.010083 seconds .

========================================================================
Received Prepare
Registering precompiled user dll's ...
Registered in 0.007870 seconds.
Begin MonoManager ReloadAssembly
Native extension for WindowsStandalone target not found
Refreshing native plugins compatible for Editor in 0.69 ms, found 2 plugins.
Preloading 0 native plugins for Editor in 0.00 ms.
Mono: successfully reloaded assembly
- Completed reload, in  1.444 seconds
Domain Reload Profiling:
	ReloadAssembly (1444ms)
		BeginReloadAssembly (172ms)
			ExecutionOrderSort (0ms)
			DisableScriptedObjects (5ms)
			BackupInstance (0ms)
			ReleaseScriptingObjects (0ms)
			CreateAndSetChildDomain (48ms)
		EndReloadAssembly (1191ms)
			LoadAssemblies (162ms)
			RebuildTransferFunctionScriptingTraits (0ms)
			SetupTypeCache (478ms)
			ReleaseScriptCaches (1ms)
			RebuildScriptCaches (45ms)
			SetupLoadedEditorAssemblies (371ms)
				LogAssemblyErrors (0ms)
				InitializePlatformSupportModulesInManaged (5ms)
				SetLoadedEditorAssemblies (1ms)
				RefreshPlugins (1ms)
				BeforeProcessingInitializeOnLoad (122ms)
				ProcessInitializeOnLoadAttributes (223ms)
				ProcessInitializeOnLoadMethodAttributes (11ms)
				AfterProcessingInitializeOnLoad (8ms)
				EditorAssembliesLoaded (0ms)
			ExecutionOrderSort2 (0ms)
			AwakeInstancesAfterBackupRestoration (7ms)
Platform modules already initialized, skipping
Switching build target platform(19) subTarget(0) extendedPlatform(0) -> platform(13) subTarget(524288) extendedPlatform(0)
Refreshing native plugins compatible for Editor in 0.64 ms, found 2 plugins.
Preloading 0 native plugins for Editor in 0.00 ms.
Unloading 1627 Unused Serialized files (Serialized files now loaded: 0)
System memory in use before: 73.2 MB.
System memory in use after: 73.3 MB.

Unloading 15 unused Assets to reduce memory usage. Loaded Objects now: 2083.
Total: 3.047700 ms (FindLiveObjects: 0.206000 ms CreateObjectMapping: 0.059600 ms MarkObjects: 2.759800 ms  DeleteObjects: 0.019300 ms)

AssetImportParameters requested are different than current active one (requested -> active):
  custom:framework-win-MediaFoundation: 216162199b28c13a410421893ffa2e32 -> 
  custom:video-decoder-ogg-theora: a1e56fd34408186e4bbccfd4996cb3dc -> 
  custom:container-muxer-webm: aa71ff27fc2769a1b78a27578f13a17b -> 
  custom:container-demuxer-webm: 4f35f7cbe854078d1ac9338744f61a02 -> 
  custom:container-demuxer-ogg: 62fdf1f143b41e24485cea50d1cbac27 -> 
  custom:video-encoder-webm-vp8: eb34c28f22e8b96e1ab97ce403110664 -> 
  custom:video-decoder-webm-vp8: 9c59270c3fd7afecdb556c50c9e8de78 -> 
  custom:graphics/normal-map-encoding: 01000000000000000000000000000000 -> 02000000000000000000000000000000
  custom:audio-decoder-ogg-vorbis: bf7c407c2cedff20999df2af8eb42d56 -> 
  custom:audio-encoder-webm-vorbis: bf7c407c2cedff20999df2af8eb42d56 -> 
========================================================================
Received Import Request.
  Time since last request: 197.161853 seconds.
  path: Assets/MainCamera.prefab
  artifactKey: Guid(23995af807a03d245879605ab53d96cb) Importer(815301076,1909f56bfc062723c751e8b465ee728b)
Start importing Assets/MainCamera.prefab using Guid(23995af807a03d245879605ab53d96cb) Importer(815301076,1909f56bfc062723c751e8b465ee728b)  -> (artifact id: '9e81abcbdadb96a6aa473253217a92aa') in 0.033661 seconds 
  Import took 0.036891 seconds .

========================================================================
Received Prepare
Registering precompiled user dll's ...
Registered in 0.006309 seconds.
Begin MonoManager ReloadAssembly
Native extension for WindowsStandalone target not found
Refreshing native plugins compatible for Editor in 0.57 ms, found 2 plugins.
Preloading 0 native plugins for Editor in 0.00 ms.
Mono: successfully reloaded assembly
- Completed reload, in  1.368 seconds
Domain Reload Profiling:
	ReloadAssembly (1369ms)
		BeginReloadAssembly (155ms)
			ExecutionOrderSort (0ms)
			DisableScriptedObjects (5ms)
			BackupInstance (0ms)
			ReleaseScriptingObjects (0ms)
			CreateAndSetChildDomain (38ms)
		EndReloadAssembly (1116ms)
			LoadAssemblies (175ms)
			RebuildTransferFunctionScriptingTraits (0ms)
			SetupTypeCache (406ms)
			ReleaseScriptCaches (1ms)
			RebuildScriptCaches (51ms)
			SetupLoadedEditorAssemblies (351ms)
				LogAssemblyErrors (0ms)
				InitializePlatformSupportModulesInManaged (5ms)
				SetLoadedEditorAssemblies (0ms)
				RefreshPlugins (1ms)
				BeforeProcessingInitializeOnLoad (101ms)
				ProcessInitializeOnLoadAttributes (226ms)
				ProcessInitializeOnLoadMethodAttributes (11ms)
				AfterProcessingInitializeOnLoad (8ms)
				EditorAssembliesLoaded (0ms)
			ExecutionOrderSort2 (0ms)
			AwakeInstancesAfterBackupRestoration (7ms)
Platform modules already initialized, skipping
Switching build target platform(19) subTarget(0) extendedPlatform(0) -> platform(13) subTarget(524288) extendedPlatform(0)
Refreshing native plugins compatible for Editor in 0.49 ms, found 2 plugins.
Preloading 0 native plugins for Editor in 0.00 ms.
Unloading 1627 Unused Serialized files (Serialized files now loaded: 0)
System memory in use before: 73.2 MB.
System memory in use after: 73.3 MB.

Unloading 15 unused Assets to reduce memory usage. Loaded Objects now: 2086.
Total: 4.494700 ms (FindLiveObjects: 0.281500 ms CreateObjectMapping: 0.094100 ms MarkObjects: 4.091900 ms  DeleteObjects: 0.025800 ms)

AssetImportParameters requested are different than current active one (requested -> active):
  custom:framework-win-MediaFoundation: 216162199b28c13a410421893ffa2e32 -> 
  custom:video-decoder-ogg-theora: a1e56fd34408186e4bbccfd4996cb3dc -> 
  custom:container-muxer-webm: aa71ff27fc2769a1b78a27578f13a17b -> 
  custom:container-demuxer-webm: 4f35f7cbe854078d1ac9338744f61a02 -> 
  custom:container-demuxer-ogg: 62fdf1f143b41e24485cea50d1cbac27 -> 
  custom:video-encoder-webm-vp8: eb34c28f22e8b96e1ab97ce403110664 -> 
  custom:video-decoder-webm-vp8: 9c59270c3fd7afecdb556c50c9e8de78 -> 
  custom:graphics/normal-map-encoding: 01000000000000000000000000000000 -> 02000000000000000000000000000000
  custom:audio-decoder-ogg-vorbis: bf7c407c2cedff20999df2af8eb42d56 -> 
  custom:audio-encoder-webm-vorbis: bf7c407c2cedff20999df2af8eb42d56 -> 
========================================================================
Received Prepare
Refreshing native plugins compatible for Editor in 4.82 ms, found 2 plugins.
Preloading 0 native plugins for Editor in 0.00 ms.
Unloading 12 Unused Serialized files (Serialized files now loaded: 0)
System memory in use before: 40.8 MB.
System memory in use after: 41.0 MB.

Unloading 12 unused Assets to reduce memory usage. Loaded Objects now: 2086.
Total: 3.294000 ms (FindLiveObjects: 0.147400 ms CreateObjectMapping: 0.047100 ms MarkObjects: 3.060800 ms  DeleteObjects: 0.037800 ms)

AssetImportParameters requested are different than current active one (requested -> active):
  custom:framework-win-MediaFoundation: 216162199b28c13a410421893ffa2e32 -> 
  custom:video-decoder-ogg-theora: a1e56fd34408186e4bbccfd4996cb3dc -> 
  custom:container-muxer-webm: aa71ff27fc2769a1b78a27578f13a17b -> 
  custom:container-demuxer-webm: 4f35f7cbe854078d1ac9338744f61a02 -> 
  custom:container-demuxer-ogg: 62fdf1f143b41e24485cea50d1cbac27 -> 
  custom:video-encoder-webm-vp8: eb34c28f22e8b96e1ab97ce403110664 -> 
  custom:video-decoder-webm-vp8: 9c59270c3fd7afecdb556c50c9e8de78 -> 
  custom:audio-decoder-ogg-vorbis: bf7c407c2cedff20999df2af8eb42d56 -> 
  custom:audio-encoder-webm-vorbis: bf7c407c2cedff20999df2af8eb42d56 -> 
========================================================================
Received Import Request.
  Time since last request: 472.973213 seconds.
  path: Assets/Scripts/PlayerRay.cs
  artifactKey: Guid(3ae095514b2df1542bd3efd5e08d0aa9) Importer(815301076,1909f56bfc062723c751e8b465ee728b)
Start importing Assets/Scripts/PlayerRay.cs using Guid(3ae095514b2df1542bd3efd5e08d0aa9) Importer(815301076,1909f56bfc062723c751e8b465ee728b)  -> (artifact id: 'ccfe68af7355841d76343bac14482c6e') in 0.017307 seconds 
  Import took 0.021442 seconds .

========================================================================
Received Prepare
Registering precompiled user dll's ...
Registered in 0.007273 seconds.
Begin MonoManager ReloadAssembly
Native extension for WindowsStandalone target not found
Refreshing native plugins compatible for Editor in 0.42 ms, found 2 plugins.
Preloading 0 native plugins for Editor in 0.00 ms.
Mono: successfully reloaded assembly
- Completed reload, in  1.462 seconds
Domain Reload Profiling:
	ReloadAssembly (1462ms)
		BeginReloadAssembly (137ms)
			ExecutionOrderSort (0ms)
			DisableScriptedObjects (4ms)
			BackupInstance (0ms)
			ReleaseScriptingObjects (0ms)
			CreateAndSetChildDomain (29ms)
		EndReloadAssembly (1249ms)
			LoadAssemblies (140ms)
			RebuildTransferFunctionScriptingTraits (0ms)
			SetupTypeCache (515ms)
			ReleaseScriptCaches (3ms)
			RebuildScriptCaches (81ms)
			SetupLoadedEditorAssemblies (325ms)
				LogAssemblyErrors (0ms)
				InitializePlatformSupportModulesInManaged (9ms)
				SetLoadedEditorAssemblies (1ms)
				RefreshPlugins (0ms)
				BeforeProcessingInitializeOnLoad (102ms)
				ProcessInitializeOnLoadAttributes (194ms)
				ProcessInitializeOnLoadMethodAttributes (10ms)
				AfterProcessingInitializeOnLoad (8ms)
				EditorAssembliesLoaded (0ms)
			ExecutionOrderSort2 (0ms)
			AwakeInstancesAfterBackupRestoration (8ms)
Platform modules already initialized, skipping
Switching build target platform(19) subTarget(0) extendedPlatform(0) -> platform(13) subTarget(524288) extendedPlatform(0)
Refreshing native plugins compatible for Editor in 0.58 ms, found 2 plugins.
Preloading 0 native plugins for Editor in 0.00 ms.
Unloading 1627 Unused Serialized files (Serialized files now loaded: 0)
System memory in use before: 73.2 MB.
System memory in use after: 73.3 MB.

Unloading 15 unused Assets to reduce memory usage. Loaded Objects now: 2089.
Total: 2.983100 ms (FindLiveObjects: 0.305300 ms CreateObjectMapping: 0.056700 ms MarkObjects: 2.599400 ms  DeleteObjects: 0.019000 ms)

AssetImportParameters requested are different than current active one (requested -> active):
  custom:framework-win-MediaFoundation: 216162199b28c13a410421893ffa2e32 -> 
  custom:video-decoder-ogg-theora: a1e56fd34408186e4bbccfd4996cb3dc -> 
  custom:container-muxer-webm: aa71ff27fc2769a1b78a27578f13a17b -> 
  custom:container-demuxer-webm: 4f35f7cbe854078d1ac9338744f61a02 -> 
  custom:container-demuxer-ogg: 62fdf1f143b41e24485cea50d1cbac27 -> 
  custom:video-encoder-webm-vp8: eb34c28f22e8b96e1ab97ce403110664 -> 
  custom:video-decoder-webm-vp8: 9c59270c3fd7afecdb556c50c9e8de78 -> 
  custom:graphics/normal-map-encoding: 01000000000000000000000000000000 -> 02000000000000000000000000000000
  custom:audio-decoder-ogg-vorbis: bf7c407c2cedff20999df2af8eb42d56 -> 
  custom:audio-encoder-webm-vorbis: bf7c407c2cedff20999df2af8eb42d56 -> 
========================================================================
Received Prepare
Registering precompiled user dll's ...
Registered in 0.005916 seconds.
Begin MonoManager ReloadAssembly
Native extension for WindowsStandalone target not found
Refreshing native plugins compatible for Editor in 0.41 ms, found 2 plugins.
Preloading 0 native plugins for Editor in 0.00 ms.
Mono: successfully reloaded assembly
- Completed reload, in  1.229 seconds
Domain Reload Profiling:
	ReloadAssembly (1229ms)
		BeginReloadAssembly (130ms)
			ExecutionOrderSort (0ms)
			DisableScriptedObjects (4ms)
			BackupInstance (0ms)
			ReleaseScriptingObjects (0ms)
			CreateAndSetChildDomain (28ms)
		EndReloadAssembly (1019ms)
			LoadAssemblies (145ms)
			RebuildTransferFunctionScriptingTraits (0ms)
			SetupTypeCache (385ms)
			ReleaseScriptCaches (1ms)
			RebuildScriptCaches (45ms)
			SetupLoadedEditorAssemblies (299ms)
				LogAssemblyErrors (0ms)
				InitializePlatformSupportModulesInManaged (4ms)
				SetLoadedEditorAssemblies (0ms)
				RefreshPlugins (0ms)
				BeforeProcessingInitializeOnLoad (99ms)
				ProcessInitializeOnLoadAttributes (180ms)
				ProcessInitializeOnLoadMethodAttributes (8ms)
				AfterProcessingInitializeOnLoad (7ms)
				EditorAssembliesLoaded (0ms)
			ExecutionOrderSort2 (0ms)
			AwakeInstancesAfterBackupRestoration (6ms)
Platform modules already initialized, skipping
Switching build target platform(19) subTarget(0) extendedPlatform(0) -> platform(13) subTarget(524288) extendedPlatform(0)
Refreshing native plugins compatible for Editor in 0.36 ms, found 2 plugins.
Preloading 0 native plugins for Editor in 0.00 ms.
Unloading 1627 Unused Serialized files (Serialized files now loaded: 0)
System memory in use before: 73.2 MB.
System memory in use after: 73.4 MB.

Unloading 15 unused Assets to reduce memory usage. Loaded Objects now: 2092.
Total: 2.832900 ms (FindLiveObjects: 0.172900 ms CreateObjectMapping: 0.065200 ms MarkObjects: 2.577500 ms  DeleteObjects: 0.016400 ms)

AssetImportParameters requested are different than current active one (requested -> active):
  custom:framework-win-MediaFoundation: 216162199b28c13a410421893ffa2e32 -> 
  custom:video-decoder-ogg-theora: a1e56fd34408186e4bbccfd4996cb3dc -> 
  custom:container-muxer-webm: aa71ff27fc2769a1b78a27578f13a17b -> 
  custom:container-demuxer-webm: 4f35f7cbe854078d1ac9338744f61a02 -> 
  custom:container-demuxer-ogg: 62fdf1f143b41e24485cea50d1cbac27 -> 
  custom:video-encoder-webm-vp8: eb34c28f22e8b96e1ab97ce403110664 -> 
  custom:video-decoder-webm-vp8: 9c59270c3fd7afecdb556c50c9e8de78 -> 
  custom:graphics/normal-map-encoding: 01000000000000000000000000000000 -> 02000000000000000000000000000000
  custom:audio-decoder-ogg-vorbis: bf7c407c2cedff20999df2af8eb42d56 -> 
  custom:audio-encoder-webm-vorbis: bf7c407c2cedff20999df2af8eb42d56 -> 
========================================================================
Received Import Request.
  Time since last request: 106.257337 seconds.
  path: Assets/Materials/pointer.png
  artifactKey: Guid(12e150b4445a7b04b929c3274b5f5617) Importer(815301076,1909f56bfc062723c751e8b465ee728b)
Start importing Assets/Materials/pointer.png using Guid(12e150b4445a7b04b929c3274b5f5617) Importer(815301076,1909f56bfc062723c751e8b465ee728b)  -> (artifact id: '9fd18e07bb3d57119cd6cfcafa775baf') in 0.089393 seconds 
  Import took 0.092932 seconds .

========================================================================
Received Import Request.
  Time since last request: 5.316895 seconds.
  path: Assets/Materials/photo_2021-12-01_20-27-26.jpg
  artifactKey: Guid(80dccf148241c8e4cbd4803fc3d67196) Importer(815301076,1909f56bfc062723c751e8b465ee728b)
Start importing Assets/Materials/photo_2021-12-01_20-27-26.jpg using Guid(80dccf148241c8e4cbd4803fc3d67196) Importer(815301076,1909f56bfc062723c751e8b465ee728b)  -> (artifact id: '86b68522d731ef2fe7ea276eb0364a87') in 0.044638 seconds 
  Import took 0.049228 seconds .

========================================================================
Received Import Request.
  Time since last request: 73.967433 seconds.
  path: Assets/Materials/Accessus.jpg
  artifactKey: Guid(80dccf148241c8e4cbd4803fc3d67196) Importer(815301076,1909f56bfc062723c751e8b465ee728b)
Start importing Assets/Materials/Accessus.jpg using Guid(80dccf148241c8e4cbd4803fc3d67196) Importer(815301076,1909f56bfc062723c751e8b465ee728b)  -> (artifact id: '6b4c614f125b69e4cf2b20c6b53f6f2c') in 0.025066 seconds 
  Import took 0.028539 seconds .

========================================================================
Received Import Request.
  Time since last request: 57.855815 seconds.
  path: Assets/Stylish Cannon Pack/Cannon Pack/1.FBX
  artifactKey: Guid(8b2379a339cec403baa954c8dd77a067) Importer(815301076,1909f56bfc062723c751e8b465ee728b)
Start importing Assets/Stylish Cannon Pack/Cannon Pack/1.FBX using Guid(8b2379a339cec403baa954c8dd77a067) Importer(815301076,1909f56bfc062723c751e8b465ee728b)  -> (artifact id: 'cb9528f3b7bcb9c2b388a5011c99da27') in 0.508302 seconds 
  Import took 0.511458 seconds .

========================================================================
Received Import Request.
  Time since last request: 0.000224 seconds.
  path: Assets/Stylish Cannon Pack/Cannon Pack/6.FBX
  artifactKey: Guid(54a76ca8ecf5340dc890409523eba101) Importer(815301076,1909f56bfc062723c751e8b465ee728b)
Start importing Assets/Stylish Cannon Pack/Cannon Pack/6.FBX using Guid(54a76ca8ecf5340dc890409523eba101) Importer(815301076,1909f56bfc062723c751e8b465ee728b)  -> (artifact id: '86a5d5733fee887152905815070090e1') in 0.087783 seconds 
  Import took 0.090342 seconds .

========================================================================
Received Import Request.
  Time since last request: 0.000187 seconds.
  path: Assets/Stylish Cannon Pack/Cannon Pack/2.FBX
  artifactKey: Guid(3e2224ed8ee0546b6b907176c4baf88a) Importer(815301076,1909f56bfc062723c751e8b465ee728b)
Start importing Assets/Stylish Cannon Pack/Cannon Pack/2.FBX using Guid(3e2224ed8ee0546b6b907176c4baf88a) Importer(815301076,1909f56bfc062723c751e8b465ee728b)  -> (artifact id: 'b6541c3acb8060c95957781dd33874f4') in 0.109469 seconds 
  Import took 0.113869 seconds .

========================================================================
Received Import Request.
  Time since last request: 0.000218 seconds.
  path: Assets/Stylish Cannon Pack/Cannon Pack/11.FBX
  artifactKey: Guid(807d194a9c09c4adba149f613e142148) Importer(815301076,1909f56bfc062723c751e8b465ee728b)
Start importing Assets/Stylish Cannon Pack/Cannon Pack/11.FBX using Guid(807d194a9c09c4adba149f613e142148) Importer(815301076,1909f56bfc062723c751e8b465ee728b)  -> (artifact id: '7b4e7dcdb44a328e6c78efe5ac360122') in 0.089457 seconds 
  Import took 0.103186 seconds .

========================================================================
Received Import Request.
  Time since last request: 0.000227 seconds.
  path: Assets/Stylish Cannon Pack/Cannon Pack/8.FBX
  artifactKey: Guid(d846de99b4f9c49d3b5bb96c5d9e5e40) Importer(815301076,1909f56bfc062723c751e8b465ee728b)
Start importing Assets/Stylish Cannon Pack/Cannon Pack/8.FBX using Guid(d846de99b4f9c49d3b5bb96c5d9e5e40) Importer(815301076,1909f56bfc062723c751e8b465ee728b)  -> (artifact id: '02e5a764da463a752af532881d698078') in 0.167366 seconds 
  Import took 0.183106 seconds .

========================================================================
Received Import Request.
  Time since last request: 0.000179 seconds.
  path: Assets/Stylish Cannon Pack/Cannon Pack/7.FBX
  artifactKey: Guid(511599a8f906249d184bd735555babb1) Importer(815301076,1909f56bfc062723c751e8b465ee728b)
Start importing Assets/Stylish Cannon Pack/Cannon Pack/7.FBX using Guid(511599a8f906249d184bd735555babb1) Importer(815301076,1909f56bfc062723c751e8b465ee728b)  -> (artifact id: '1def9a0f5ec1a98c1d90a755e734520c') in 0.074609 seconds 
  Import took 0.077628 seconds .

========================================================================
Received Import Request.
  Time since last request: 0.000365 seconds.
  path: Assets/Stylish Cannon Pack/Cannon Pack/12.FBX
  artifactKey: Guid(918eebc51feaa427585f7a81d73b2894) Importer(815301076,1909f56bfc062723c751e8b465ee728b)
Start importing Assets/Stylish Cannon Pack/Cannon Pack/12.FBX using Guid(918eebc51feaa427585f7a81d73b2894) Importer(815301076,1909f56bfc062723c751e8b465ee728b)  -> (artifact id: '26b31ac8e1477ed489a9262870b1929a') in 0.150412 seconds 
  Import took 0.153923 seconds .

========================================================================
Received Import Request.
  Time since last request: 0.000240 seconds.
  path: Assets/Stylish Cannon Pack/Cannon Pack/16.FBX
  artifactKey: Guid(1b48516da3db346d994bb6a9a4c86273) Importer(815301076,1909f56bfc062723c751e8b465ee728b)
Start importing Assets/Stylish Cannon Pack/Cannon Pack/16.FBX using Guid(1b48516da3db346d994bb6a9a4c86273) Importer(815301076,1909f56bfc062723c751e8b465ee728b)  -> (artifact id: '4b93d14915f5ceb26230af6ee91291e9') in 0.110121 seconds 
  Import took 0.113837 seconds .

========================================================================
Received Import Request.
  Time since last request: 0.000284 seconds.
  path: Assets/Stylish Cannon Pack/Cannon Pack/9.FBX
  artifactKey: Guid(715272122e06e4db199e5bd24f23c504) Importer(815301076,1909f56bfc062723c751e8b465ee728b)
Start importing Assets/Stylish Cannon Pack/Cannon Pack/9.FBX using Guid(715272122e06e4db199e5bd24f23c504) Importer(815301076,1909f56bfc062723c751e8b465ee728b)  -> (artifact id: '9e58f18310c560b9a423f03d60ea126a') in 0.166961 seconds 
  Import took 0.169957 seconds .

========================================================================
Received Import Request.
  Time since last request: 0.000240 seconds.
  path: Assets/Stylish Cannon Pack/Cannon Pack/3.FBX
  artifactKey: Guid(5e52415bcbee14c58ab9d8215654b187) Importer(815301076,1909f56bfc062723c751e8b465ee728b)
Start importing Assets/Stylish Cannon Pack/Cannon Pack/3.FBX using Guid(5e52415bcbee14c58ab9d8215654b187) Importer(815301076,1909f56bfc062723c751e8b465ee728b)  -> (artifact id: '2feaff1e6343cb96c23749da8d4f788d') in 0.104733 seconds 
  Import took 0.108235 seconds .

========================================================================
Received Import Request.
  Time since last request: 0.000260 seconds.
  path: Assets/Stylish Cannon Pack/Cannon Pack/10.FBX
  artifactKey: Guid(a64070df1b5df43058cee227c2495153) Importer(815301076,1909f56bfc062723c751e8b465ee728b)
Start importing Assets/Stylish Cannon Pack/Cannon Pack/10.FBX using Guid(a64070df1b5df43058cee227c2495153) Importer(815301076,1909f56bfc062723c751e8b465ee728b)  -> (artifact id: 'b45fbd30904496adb902ed3d1c7362d6') in 0.128162 seconds 
  Import took 0.131309 seconds .

========================================================================
Received Import Request.
  Time since last request: 0.000422 seconds.
  path: Assets/Stylish Cannon Pack/Cannon Pack/15.FBX
  artifactKey: Guid(d1be5cbea130544f6b29523de1f28c65) Importer(815301076,1909f56bfc062723c751e8b465ee728b)
Start importing Assets/Stylish Cannon Pack/Cannon Pack/15.FBX using Guid(d1be5cbea130544f6b29523de1f28c65) Importer(815301076,1909f56bfc062723c751e8b465ee728b)  -> (artifact id: '884162f032d482c52260ff062bddd403') in 0.172290 seconds 
  Import took 0.175058 seconds .

========================================================================
Received Import Request.
  Time since last request: 0.000307 seconds.
  path: Assets/Stylish Cannon Pack/Cannon Pack/13.FBX
  artifactKey: Guid(741adb333bd774de1a6796e613a98a0a) Importer(815301076,1909f56bfc062723c751e8b465ee728b)
Start importing Assets/Stylish Cannon Pack/Cannon Pack/13.FBX using Guid(741adb333bd774de1a6796e613a98a0a) Importer(815301076,1909f56bfc062723c751e8b465ee728b)  -> (artifact id: '3693050f2beab8220a4025d40442bb97') in 0.141228 seconds 
  Import took 0.144331 seconds .

========================================================================
Received Import Request.
  Time since last request: 0.000296 seconds.
  path: Assets/Stylish Cannon Pack/Cannon Pack/5.FBX
  artifactKey: Guid(7b92c1b47557c4d9ead29e6143960e83) Importer(815301076,1909f56bfc062723c751e8b465ee728b)
Start importing Assets/Stylish Cannon Pack/Cannon Pack/5.FBX using Guid(7b92c1b47557c4d9ead29e6143960e83) Importer(815301076,1909f56bfc062723c751e8b465ee728b)  -> (artifact id: '7e015966e7aed756e50f9c1c2dbb0fc8') in 0.062463 seconds 
  Import took 0.065449 seconds .

========================================================================
Received Import Request.
  Time since last request: 0.000257 seconds.
  path: Assets/Stylish Cannon Pack/Cannon Pack/17.FBX
  artifactKey: Guid(26ca786502ccb43aeb24cc9cd02eef25) Importer(815301076,1909f56bfc062723c751e8b465ee728b)
Start importing Assets/Stylish Cannon Pack/Cannon Pack/17.FBX using Guid(26ca786502ccb43aeb24cc9cd02eef25) Importer(815301076,1909f56bfc062723c751e8b465ee728b)  -> (artifact id: '5205f81a142fb9c69d48b91277fbe87d') in 0.968430 seconds 
  Import took 0.974140 seconds .

========================================================================
Received Import Request.
  Time since last request: 0.000269 seconds.
  path: Assets/Stylish Cannon Pack/Cannon Pack/4.FBX
  artifactKey: Guid(3a8bb1e200d60421994edad683646c65) Importer(815301076,1909f56bfc062723c751e8b465ee728b)
Start importing Assets/Stylish Cannon Pack/Cannon Pack/4.FBX using Guid(3a8bb1e200d60421994edad683646c65) Importer(815301076,1909f56bfc062723c751e8b465ee728b)  -> (artifact id: 'a0d000bc2a71d1409192ed7d6f57b119') in 0.185784 seconds 
  Import took 0.188497 seconds .

========================================================================
Received Import Request.
  Time since last request: 0.000258 seconds.
  path: Assets/Stylish Cannon Pack/Cannon Pack/14.FBX
  artifactKey: Guid(0b021b01c75d442d7b75b546e9dafeef) Importer(815301076,1909f56bfc062723c751e8b465ee728b)
Start importing Assets/Stylish Cannon Pack/Cannon Pack/14.FBX using Guid(0b021b01c75d442d7b75b546e9dafeef) Importer(815301076,1909f56bfc062723c751e8b465ee728b)  -> (artifact id: '60e81d4cdcd994788a5abd652291ebbb') in 0.086814 seconds 
  Import took 0.089848 seconds .

========================================================================
Received Prepare
Registering precompiled user dll's ...
Registered in 0.005890 seconds.
Begin MonoManager ReloadAssembly
Native extension for WindowsStandalone target not found
Refreshing native plugins compatible for Editor in 0.38 ms, found 2 plugins.
Preloading 0 native plugins for Editor in 0.00 ms.
Mono: successfully reloaded assembly
- Completed reload, in  1.191 seconds
Domain Reload Profiling:
	ReloadAssembly (1192ms)
		BeginReloadAssembly (132ms)
			ExecutionOrderSort (0ms)
			DisableScriptedObjects (4ms)
			BackupInstance (0ms)
			ReleaseScriptingObjects (0ms)
			CreateAndSetChildDomain (31ms)
		EndReloadAssembly (998ms)
			LoadAssemblies (164ms)
			RebuildTransferFunctionScriptingTraits (0ms)
			SetupTypeCache (320ms)
			ReleaseScriptCaches (1ms)
			RebuildScriptCaches (45ms)
			SetupLoadedEditorAssemblies (300ms)
				LogAssemblyErrors (0ms)
				InitializePlatformSupportModulesInManaged (4ms)
				SetLoadedEditorAssemblies (1ms)
				RefreshPlugins (0ms)
				BeforeProcessingInitializeOnLoad (100ms)
				ProcessInitializeOnLoadAttributes (179ms)
				ProcessInitializeOnLoadMethodAttributes (9ms)
				AfterProcessingInitializeOnLoad (7ms)
				EditorAssembliesLoaded (0ms)
			ExecutionOrderSort2 (0ms)
			AwakeInstancesAfterBackupRestoration (6ms)
Platform modules already initialized, skipping
Switching build target platform(19) subTarget(0) extendedPlatform(0) -> platform(13) subTarget(524288) extendedPlatform(0)
Refreshing native plugins compatible for Editor in 0.43 ms, found 2 plugins.
Preloading 0 native plugins for Editor in 0.00 ms.
Unloading 1627 Unused Serialized files (Serialized files now loaded: 0)
System memory in use before: 78.2 MB.
System memory in use after: 78.3 MB.

Unloading 15 unused Assets to reduce memory usage. Loaded Objects now: 2139.
Total: 3.221400 ms (FindLiveObjects: 0.201400 ms CreateObjectMapping: 0.053000 ms MarkObjects: 2.947500 ms  DeleteObjects: 0.018600 ms)

AssetImportParameters requested are different than current active one (requested -> active):
  custom:framework-win-MediaFoundation: 216162199b28c13a410421893ffa2e32 -> 
  custom:video-decoder-ogg-theora: a1e56fd34408186e4bbccfd4996cb3dc -> 
  custom:container-muxer-webm: aa71ff27fc2769a1b78a27578f13a17b -> 
  custom:container-demuxer-webm: 4f35f7cbe854078d1ac9338744f61a02 -> 
  custom:container-demuxer-ogg: 62fdf1f143b41e24485cea50d1cbac27 -> 
  custom:video-encoder-webm-vp8: eb34c28f22e8b96e1ab97ce403110664 -> 
  custom:video-decoder-webm-vp8: 9c59270c3fd7afecdb556c50c9e8de78 -> 
  custom:graphics/normal-map-encoding: 01000000000000000000000000000000 -> 02000000000000000000000000000000
  custom:audio-decoder-ogg-vorbis: bf7c407c2cedff20999df2af8eb42d56 -> 
  custom:audio-encoder-webm-vorbis: bf7c407c2cedff20999df2af8eb42d56 -> 
========================================================================
Received Import Request.
  Time since last request: 574.270020 seconds.
  path: Assets/Materials/White.mat
  artifactKey: Guid(f158942791e54d045b6b5060eb3ff9b5) Importer(815301076,1909f56bfc062723c751e8b465ee728b)
Start importing Assets/Materials/White.mat using Guid(f158942791e54d045b6b5060eb3ff9b5) Importer(815301076,1909f56bfc062723c751e8b465ee728b)  -> (artifact id: '8993647402bcb1dc4e46f5d638785038') in 0.117326 seconds 
  Import took 0.121681 seconds .

========================================================================
Received Import Request.
  Time since last request: 2.650325 seconds.
  path: Assets/Materials/Purple.mat
  artifactKey: Guid(6039931b814eeef4995af946e7772a98) Importer(815301076,1909f56bfc062723c751e8b465ee728b)
Start importing Assets/Materials/Purple.mat using Guid(6039931b814eeef4995af946e7772a98) Importer(815301076,1909f56bfc062723c751e8b465ee728b)  -> (artifact id: '9aae7830e0c0dfff1b9e6ca7778e9658') in 0.017829 seconds 
  Import took 0.021670 seconds .

========================================================================
Received Import Request.
  Time since last request: 1.900801 seconds.
  path: Assets/Materials/stone_floor_d.png
  artifactKey: Guid(7bb402391aed21640ab1fa621044a72a) Importer(815301076,1909f56bfc062723c751e8b465ee728b)
Start importing Assets/Materials/stone_floor_d.png using Guid(7bb402391aed21640ab1fa621044a72a) Importer(815301076,1909f56bfc062723c751e8b465ee728b)  -> (artifact id: 'e6d25d47520dec6804507dd2b5237dd5') in 0.027618 seconds 
  Import took 0.030612 seconds .

========================================================================
Received Import Request.
  Time since last request: 1.728796 seconds.
  path: Assets/Materials/Yellow.mat
  artifactKey: Guid(ca84b8a22a512614196764cc478e83d9) Importer(815301076,1909f56bfc062723c751e8b465ee728b)
Start importing Assets/Materials/Yellow.mat using Guid(ca84b8a22a512614196764cc478e83d9) Importer(815301076,1909f56bfc062723c751e8b465ee728b)  -> (artifact id: 'e816c2589120975e0b56fdbaa7d4e0a3') in 0.016803 seconds 
  Import took 0.021290 seconds .

========================================================================
Received Import Request.
  Time since last request: 1.723713 seconds.
  path: Assets/Materials/Green.mat
  artifactKey: Guid(d730469145d788049a7602c19839b492) Importer(815301076,1909f56bfc062723c751e8b465ee728b)
Start importing Assets/Materials/Green.mat using Guid(d730469145d788049a7602c19839b492) Importer(815301076,1909f56bfc062723c751e8b465ee728b)  -> (artifact id: 'b6caeffd274390212770e84f3bb9d82f') in 0.016897 seconds 
  Import took 0.020491 seconds .

========================================================================
Received Import Request.
  Time since last request: 0.873827 seconds.
  path: Assets/Materials/Cyan.mat
  artifactKey: Guid(ddaa1554017e5e944a42a0e6833c5c82) Importer(815301076,1909f56bfc062723c751e8b465ee728b)
Start importing Assets/Materials/Cyan.mat using Guid(ddaa1554017e5e944a42a0e6833c5c82) Importer(815301076,1909f56bfc062723c751e8b465ee728b)  -> (artifact id: 'b15bf3b0f1b016449c558763c50ecf96') in 0.021231 seconds 
  Import took 0.027067 seconds .

========================================================================
Received Import Request.
  Time since last request: 4.173210 seconds.
  path: Assets/Materials/stone_floor_d 1.png
  artifactKey: Guid(6b30ea0942a6b774ebe039ef043565b9) Importer(815301076,1909f56bfc062723c751e8b465ee728b)
Start importing Assets/Materials/stone_floor_d 1.png using Guid(6b30ea0942a6b774ebe039ef043565b9) Importer(815301076,1909f56bfc062723c751e8b465ee728b)  -> (artifact id: '252781e37d0ae71ae5bd25ee383a9580') in 0.029219 seconds 
  Import took 0.036250 seconds .

========================================================================
Received Import Request.
  Time since last request: 605.151526 seconds.
  path: Assets/Materials/Materials
  artifactKey: Guid(1248e7386b2da6e43a77f3abff731b35) Importer(815301076,1909f56bfc062723c751e8b465ee728b)
Start importing Assets/Materials/Materials using Guid(1248e7386b2da6e43a77f3abff731b35) Importer(815301076,1909f56bfc062723c751e8b465ee728b)  -> (artifact id: '0c7ef5eb7db7775d0cc3f133dce7a003') in 0.007754 seconds 
  Import took 0.011425 seconds .

========================================================================
Received Import Request.
  Time since last request: 0.054018 seconds.
  path: Assets/Materials/Materials/Accessus.mat
  artifactKey: Guid(10d5daffc03a0a5498f8a25434eee801) Importer(815301076,1909f56bfc062723c751e8b465ee728b)
Start importing Assets/Materials/Materials/Accessus.mat using Guid(10d5daffc03a0a5498f8a25434eee801) Importer(815301076,1909f56bfc062723c751e8b465ee728b)  -> (artifact id: '59b434dfb864eedfb405a5485ab5a39f') in 0.036107 seconds 
  Import took 0.040079 seconds .

========================================================================
Received Import Request.
  Time since last request: 0.000312 seconds.
  path: Assets/Materials/Materials/stone_floor_d 1.mat
  artifactKey: Guid(1cc26f005d958dd42897ca824dfae28e) Importer(815301076,1909f56bfc062723c751e8b465ee728b)
Start importing Assets/Materials/Materials/stone_floor_d 1.mat using Guid(1cc26f005d958dd42897ca824dfae28e) Importer(815301076,1909f56bfc062723c751e8b465ee728b)  -> (artifact id: 'a23f74776738ddf0b5f3a47e7bfa6a97') in 0.018155 seconds 
  Import took 0.021653 seconds .

========================================================================
Received Import Request.
  Time since last request: 0.000363 seconds.
  path: Assets/Materials/Materials/photo_2021-12-01_20-27-26.mat
  artifactKey: Guid(19ebe57e0e0f854408de09627fb8ea3a) Importer(815301076,1909f56bfc062723c751e8b465ee728b)
Start importing Assets/Materials/Materials/photo_2021-12-01_20-27-26.mat using Guid(19ebe57e0e0f854408de09627fb8ea3a) Importer(815301076,1909f56bfc062723c751e8b465ee728b)  -> (artifact id: '037bcca5992966af8b862f87fc7e1556') in 0.025996 seconds 
  Import took 0.028889 seconds .

========================================================================
Received Import Request.
  Time since last request: 0.000279 seconds.
  path: Assets/Materials/Materials/pointer.mat
  artifactKey: Guid(eb1bc01eb276f074299428272bf98d22) Importer(815301076,1909f56bfc062723c751e8b465ee728b)
Start importing Assets/Materials/Materials/pointer.mat using Guid(eb1bc01eb276f074299428272bf98d22) Importer(815301076,1909f56bfc062723c751e8b465ee728b)  -> (artifact id: 'a227bf4552cd84bb55bd3b30d97e72b6') in 0.017335 seconds 
  Import took 0.020808 seconds .

========================================================================
Received Prepare
Registering precompiled user dll's ...
Registered in 0.006895 seconds.
Begin MonoManager ReloadAssembly
Native extension for WindowsStandalone target not found
Refreshing native plugins compatible for Editor in 0.37 ms, found 2 plugins.
Preloading 0 native plugins for Editor in 0.00 ms.
Mono: successfully reloaded assembly
- Completed reload, in  1.264 seconds
Domain Reload Profiling:
	ReloadAssembly (1265ms)
		BeginReloadAssembly (145ms)
			ExecutionOrderSort (0ms)
			DisableScriptedObjects (5ms)
			BackupInstance (0ms)
			ReleaseScriptingObjects (0ms)
			CreateAndSetChildDomain (33ms)
		EndReloadAssembly (1056ms)
			LoadAssemblies (165ms)
			RebuildTransferFunctionScriptingTraits (0ms)
			SetupTypeCache (318ms)
			ReleaseScriptCaches (1ms)
			RebuildScriptCaches (43ms)
			SetupLoadedEditorAssemblies (347ms)
				LogAssemblyErrors (0ms)
				InitializePlatformSupportModulesInManaged (4ms)
				SetLoadedEditorAssemblies (0ms)
				RefreshPlugins (0ms)
				BeforeProcessingInitializeOnLoad (91ms)
				ProcessInitializeOnLoadAttributes (228ms)
				ProcessInitializeOnLoadMethodAttributes (12ms)
				AfterProcessingInitializeOnLoad (10ms)
				EditorAssembliesLoaded (0ms)
			ExecutionOrderSort2 (0ms)
			AwakeInstancesAfterBackupRestoration (8ms)
Platform modules already initialized, skipping
Switching build target platform(19) subTarget(0) extendedPlatform(0) -> platform(13) subTarget(524288) extendedPlatform(0)
Refreshing native plugins compatible for Editor in 0.35 ms, found 2 plugins.
Preloading 0 native plugins for Editor in 0.00 ms.
Unloading 1627 Unused Serialized files (Serialized files now loaded: 0)
System memory in use before: 78.2 MB.
System memory in use after: 78.4 MB.

Unloading 15 unused Assets to reduce memory usage. Loaded Objects now: 2143.
Total: 2.624400 ms (FindLiveObjects: 0.157000 ms CreateObjectMapping: 0.041100 ms MarkObjects: 2.411200 ms  DeleteObjects: 0.014300 ms)

AssetImportParameters requested are different than current active one (requested -> active):
  custom:framework-win-MediaFoundation: 216162199b28c13a410421893ffa2e32 -> 
  custom:video-decoder-ogg-theora: a1e56fd34408186e4bbccfd4996cb3dc -> 
  custom:container-muxer-webm: aa71ff27fc2769a1b78a27578f13a17b -> 
  custom:container-demuxer-webm: 4f35f7cbe854078d1ac9338744f61a02 -> 
  custom:container-demuxer-ogg: 62fdf1f143b41e24485cea50d1cbac27 -> 
  custom:video-encoder-webm-vp8: eb34c28f22e8b96e1ab97ce403110664 -> 
  custom:video-decoder-webm-vp8: 9c59270c3fd7afecdb556c50c9e8de78 -> 
  custom:graphics/normal-map-encoding: 01000000000000000000000000000000 -> 02000000000000000000000000000000
  custom:audio-decoder-ogg-vorbis: bf7c407c2cedff20999df2af8eb42d56 -> 
  custom:audio-encoder-webm-vorbis: bf7c407c2cedff20999df2af8eb42d56 -> 
========================================================================
Received Prepare
Registering precompiled user dll's ...
Registered in 0.006182 seconds.
Begin MonoManager ReloadAssembly
Native extension for WindowsStandalone target not found
Refreshing native plugins compatible for Editor in 0.38 ms, found 2 plugins.
Preloading 0 native plugins for Editor in 0.00 ms.
Mono: successfully reloaded assembly
- Completed reload, in  1.290 seconds
Domain Reload Profiling:
	ReloadAssembly (1291ms)
		BeginReloadAssembly (150ms)
			ExecutionOrderSort (0ms)
			DisableScriptedObjects (4ms)
			BackupInstance (0ms)
			ReleaseScriptingObjects (0ms)
			CreateAndSetChildDomain (29ms)
		EndReloadAssembly (1035ms)
			LoadAssemblies (142ms)
			RebuildTransferFunctionScriptingTraits (0ms)
			SetupTypeCache (336ms)
			ReleaseScriptCaches (1ms)
			RebuildScriptCaches (45ms)
			SetupLoadedEditorAssemblies (331ms)
				LogAssemblyErrors (0ms)
				InitializePlatformSupportModulesInManaged (4ms)
				SetLoadedEditorAssemblies (1ms)
				RefreshPlugins (0ms)
				BeforeProcessingInitializeOnLoad (90ms)
				ProcessInitializeOnLoadAttributes (216ms)
				ProcessInitializeOnLoadMethodAttributes (10ms)
				AfterProcessingInitializeOnLoad (9ms)
				EditorAssembliesLoaded (0ms)
			ExecutionOrderSort2 (0ms)
			AwakeInstancesAfterBackupRestoration (15ms)
Platform modules already initialized, skipping
Switching build target platform(19) subTarget(0) extendedPlatform(0) -> platform(13) subTarget(524288) extendedPlatform(0)
Refreshing native plugins compatible for Editor in 0.37 ms, found 2 plugins.
Preloading 0 native plugins for Editor in 0.00 ms.
Unloading 1627 Unused Serialized files (Serialized files now loaded: 0)
System memory in use before: 78.3 MB.
System memory in use after: 78.4 MB.

Unloading 15 unused Assets to reduce memory usage. Loaded Objects now: 2146.
Total: 2.798000 ms (FindLiveObjects: 0.145200 ms CreateObjectMapping: 0.044400 ms MarkObjects: 2.592000 ms  DeleteObjects: 0.015100 ms)

AssetImportParameters requested are different than current active one (requested -> active):
  custom:framework-win-MediaFoundation: 216162199b28c13a410421893ffa2e32 -> 
  custom:video-decoder-ogg-theora: a1e56fd34408186e4bbccfd4996cb3dc -> 
  custom:container-muxer-webm: aa71ff27fc2769a1b78a27578f13a17b -> 
  custom:container-demuxer-webm: 4f35f7cbe854078d1ac9338744f61a02 -> 
  custom:container-demuxer-ogg: 62fdf1f143b41e24485cea50d1cbac27 -> 
  custom:video-encoder-webm-vp8: eb34c28f22e8b96e1ab97ce403110664 -> 
  custom:video-decoder-webm-vp8: 9c59270c3fd7afecdb556c50c9e8de78 -> 
  custom:graphics/normal-map-encoding: 01000000000000000000000000000000 -> 02000000000000000000000000000000
  custom:audio-decoder-ogg-vorbis: bf7c407c2cedff20999df2af8eb42d56 -> 
  custom:audio-encoder-webm-vorbis: bf7c407c2cedff20999df2af8eb42d56 -> 
========================================================================
Received Prepare
Refreshing native plugins compatible for Editor in 4.53 ms, found 2 plugins.
Preloading 0 native plugins for Editor in 0.00 ms.
Unloading 12 Unused Serialized files (Serialized files now loaded: 0)
System memory in use before: 45.9 MB.
System memory in use after: 46.0 MB.

Unloading 12 unused Assets to reduce memory usage. Loaded Objects now: 2146.
Total: 3.558500 ms (FindLiveObjects: 0.171800 ms CreateObjectMapping: 0.049000 ms MarkObjects: 3.296200 ms  DeleteObjects: 0.040200 ms)

AssetImportParameters requested are different than current active one (requested -> active):
  custom:framework-win-MediaFoundation: 216162199b28c13a410421893ffa2e32 -> 
  custom:video-decoder-ogg-theora: a1e56fd34408186e4bbccfd4996cb3dc -> 
  custom:container-muxer-webm: aa71ff27fc2769a1b78a27578f13a17b -> 
  custom:container-demuxer-webm: 4f35f7cbe854078d1ac9338744f61a02 -> 
  custom:container-demuxer-ogg: 62fdf1f143b41e24485cea50d1cbac27 -> 
  custom:video-encoder-webm-vp8: eb34c28f22e8b96e1ab97ce403110664 -> 
  custom:video-decoder-webm-vp8: 9c59270c3fd7afecdb556c50c9e8de78 -> 
  custom:audio-decoder-ogg-vorbis: bf7c407c2cedff20999df2af8eb42d56 -> 
  custom:audio-encoder-webm-vorbis: bf7c407c2cedff20999df2af8eb42d56 -> 
========================================================================
Received Prepare
Registering precompiled user dll's ...
Registered in 0.008913 seconds.
Begin MonoManager ReloadAssembly
Native extension for WindowsStandalone target not found
Refreshing native plugins compatible for Editor in 0.57 ms, found 2 plugins.
Preloading 0 native plugins for Editor in 0.00 ms.
Mono: successfully reloaded assembly
- Completed reload, in  1.409 seconds
Domain Reload Profiling:
	ReloadAssembly (1409ms)
		BeginReloadAssembly (200ms)
			ExecutionOrderSort (0ms)
			DisableScriptedObjects (6ms)
			BackupInstance (0ms)
			ReleaseScriptingObjects (0ms)
			CreateAndSetChildDomain (38ms)
		EndReloadAssembly (1128ms)
			LoadAssemblies (176ms)
			RebuildTransferFunctionScriptingTraits (0ms)
			SetupTypeCache (358ms)
			ReleaseScriptCaches (1ms)
			RebuildScriptCaches (51ms)
			SetupLoadedEditorAssemblies (403ms)
				LogAssemblyErrors (0ms)
				InitializePlatformSupportModulesInManaged (5ms)
				SetLoadedEditorAssemblies (1ms)
				RefreshPlugins (1ms)
				BeforeProcessingInitializeOnLoad (114ms)
				ProcessInitializeOnLoadAttributes (262ms)
				ProcessInitializeOnLoadMethodAttributes (10ms)
				AfterProcessingInitializeOnLoad (10ms)
				EditorAssembliesLoaded (0ms)
			ExecutionOrderSort2 (0ms)
			AwakeInstancesAfterBackupRestoration (8ms)
Platform modules already initialized, skipping
Switching build target platform(19) subTarget(0) extendedPlatform(0) -> platform(13) subTarget(524288) extendedPlatform(0)
Refreshing native plugins compatible for Editor in 0.65 ms, found 2 plugins.
Preloading 0 native plugins for Editor in 0.00 ms.
Unloading 1627 Unused Serialized files (Serialized files now loaded: 0)
System memory in use before: 78.3 MB.
System memory in use after: 78.4 MB.

Unloading 15 unused Assets to reduce memory usage. Loaded Objects now: 2149.
Total: 4.852600 ms (FindLiveObjects: 0.261600 ms CreateObjectMapping: 0.095400 ms MarkObjects: 4.465900 ms  DeleteObjects: 0.028200 ms)

AssetImportParameters requested are different than current active one (requested -> active):
  custom:framework-win-MediaFoundation: 216162199b28c13a410421893ffa2e32 -> 
  custom:video-decoder-ogg-theora: a1e56fd34408186e4bbccfd4996cb3dc -> 
  custom:container-muxer-webm: aa71ff27fc2769a1b78a27578f13a17b -> 
  custom:container-demuxer-webm: 4f35f7cbe854078d1ac9338744f61a02 -> 
  custom:container-demuxer-ogg: 62fdf1f143b41e24485cea50d1cbac27 -> 
  custom:video-encoder-webm-vp8: eb34c28f22e8b96e1ab97ce403110664 -> 
  custom:video-decoder-webm-vp8: 9c59270c3fd7afecdb556c50c9e8de78 -> 
  custom:graphics/normal-map-encoding: 01000000000000000000000000000000 -> 02000000000000000000000000000000
  custom:audio-decoder-ogg-vorbis: bf7c407c2cedff20999df2af8eb42d56 -> 
  custom:audio-encoder-webm-vorbis: bf7c407c2cedff20999df2af8eb42d56 -> 
========================================================================
Received Prepare
Refreshing native plugins compatible for Editor in 4.79 ms, found 2 plugins.
Preloading 0 native plugins for Editor in 0.00 ms.
Unloading 12 Unused Serialized files (Serialized files now loaded: 0)
System memory in use before: 45.9 MB.
System memory in use after: 46.0 MB.

Unloading 12 unused Assets to reduce memory usage. Loaded Objects now: 2149.
Total: 3.201300 ms (FindLiveObjects: 0.208500 ms CreateObjectMapping: 0.059800 ms MarkObjects: 2.902300 ms  DeleteObjects: 0.029300 ms)

AssetImportParameters requested are different than current active one (requested -> active):
  custom:framework-win-MediaFoundation: 216162199b28c13a410421893ffa2e32 -> 
  custom:video-decoder-ogg-theora: a1e56fd34408186e4bbccfd4996cb3dc -> 
  custom:container-muxer-webm: aa71ff27fc2769a1b78a27578f13a17b -> 
  custom:container-demuxer-webm: 4f35f7cbe854078d1ac9338744f61a02 -> 
  custom:container-demuxer-ogg: 62fdf1f143b41e24485cea50d1cbac27 -> 
  custom:video-encoder-webm-vp8: eb34c28f22e8b96e1ab97ce403110664 -> 
  custom:video-decoder-webm-vp8: 9c59270c3fd7afecdb556c50c9e8de78 -> 
  custom:audio-decoder-ogg-vorbis: bf7c407c2cedff20999df2af8eb42d56 -> 
  custom:audio-encoder-webm-vorbis: bf7c407c2cedff20999df2af8eb42d56 -> 
AssetImportWorkerClient::OnTransportError - code=2 error=End of file
